NOTE: This is a demo VRC log that had PII removed so it can be put on it for testing purposes

2023.06.04 13:01:06 Log        -  Updating avatar cloning to 'True' on APIUser 'Rami-Pastrami'


2023.06.04 13:01:06 Log        -  [API] Requesting Get auth/user/friends {{"offset":0, "n":100, "offline":false}} disableCache: False retryCount: 0


2023.06.04 13:01:06 Log        -  RAMI_EXPORT:red|1.345825, 2.377846, 4.82203


2023.06.04 13:01:06 Log        -  RAMI_EXPORT:red|2.800438, 3.460214, 5.302203


2023.06.04 13:01:06 Log        -  RAMI_EXPORT:red|1.385324, 1.038767, 4.80105


2023.06.04 13:01:06 Log        -  RAMI_EXPORT:red|3.39912, 2.752891, 4.763259


2023.06.04 13:01:06 Log        -  RAMI_EXPORT:red|1.725552, 0.4947599, 5.075905


2023.06.04 13:01:06 Log        -  RAMI_EXPORT:red|2.149418, 1.545592, 3.662784


2023.06.04 13:01:06 Log        -  RAMI_EXPORT:red|2.328918, 3.593859, 5.059614


2023.06.04 13:01:06 Log        -  RAMI_EXPORT:red|0.6622258, 2.232463, 5.169526


2023.06.04 13:01:06 Log        -  RAMI_EXPORT:red|1.435424, 0.7246194, 4.589699


2023.06.04 13:01:06 Log        -  RAMI_EXPORT:red|3.666947, 1.368858, 5.01065


2023.06.04 13:01:06 Log        -  RAMI_EXPORT:red|1.15344, 1.608055, 6.21108


2023.06.04 13:01:06 Log        -  RAMI_EXPORT:red|3.532016, 2.535058, 5.085935


2023.06.04 13:01:06 Log        -  RAMI_EXPORT:red|1.04518, 1.543104, 4.893092


2023.06.04 13:01:06 Log        -  RAMI_EXPORT:red|1.485682, 2.646804, 6.336986


2023.06.04 13:01:06 Log        -  RAMI_EXPORT:red|1.881977, 0.9831104, 4.186532


2023.06.04 13:01:06 Log        -  RAMI_EXPORT:red|3.345485, 2.349597, 5.356521


2023.06.04 13:01:06 Log        -  RAMI_EXPORT:red|2.87149, 2.722694, 4.654862


2023.06.04 13:01:06 Log        -  RAMI_EXPORT:red|1.293571, 0.9949294, 5.863908


2023.06.04 13:01:06 Log        -  RAMI_EXPORT:red|0.9606026, 1.137214, 5.274251


2023.06.04 13:01:06 Log        -  RAMI_EXPORT:red|2.502356, 2.959734, 4.065687


2023.06.04 13:01:06 Log        -  RAMI_EXPORT:red|0.9537202, 2.725336, 5.137256


2023.06.04 13:01:06 Log        -  RAMI_EXPORT:red|0.9431728, 1.185906, 4.928493


2023.06.04 13:01:06 Log        -  RAMI_EXPORT:red|1.596919, 2.201894, 6.366348


2023.06.04 13:01:06 Log        -  RAMI_EXPORT:red|2.154505, 2.762001, 5.692034


2023.06.04 13:01:06 Log        -  RAMI_EXPORT:red|3.708445, 2.293693, 5.289333


2023.06.04 13:01:06 Log        -  RAMI_EXPORT:red|1.763368, 1.394463, 6.331349


2023.06.04 13:01:06 Log        -  RAMI_EXPORT:red|2.106016, 3.522108, 5.366896


2023.06.04 13:01:06 Log        -  RAMI_EXPORT:red|1.403009, 2.633733, 5.28298


2023.06.04 13:01:06 Log        -  RAMI_EXPORT:red|2.193512, 3.076847, 4.802742


2023.06.04 13:01:06 Log        -  RAMI_EXPORT:red|3.221069, 1.852218, 5.716814


2023.06.04 13:01:06 Log        -  RAMI_EXPORT:red|3.231278, 1.506397, 4.273155


2023.06.04 13:01:06 Log        -  RAMI_EXPORT:red|1.947359, 1.458417, 6.253222


2023.06.04 13:01:06 Log        -  RAMI_EXPORT:red|1.286788, 2.785007, 5.446937


2023.06.04 13:01:06 Log        -  RAMI_EXPORT:red|2.862509, 2.056995, 3.880671


2023.06.04 13:01:06 Log        -  RAMI_EXPORT:red|3.703578, 2.075816, 5.471983


2023.06.04 13:01:06 Log        -  RAMI_EXPORT:red|0.965659, 1.860855, 4.652513


2023.06.04 13:01:06 Log        -  RAMI_EXPORT:red|1.305471, 0.9813768, 4.425954


2023.06.04 13:01:06 Log        -  RAMI_EXPORT:red|2.201413, 0.5952249, 5.109688


2023.06.04 13:01:06 Log        -  RAMI_EXPORT:red|1.241786, 2.025462, 6.073568


2023.06.04 13:01:06 Log        -  RAMI_EXPORT:red|1.742417, 3.348724, 4.860288


2023.06.04 13:01:06 Log        -  RAMI_EXPORT:red|2.140808, 3.209842, 4.609049


2023.06.04 13:01:06 Log        -  RAMI_EXPORT:red|2.361115, 2.536509, 6.300182


2023.06.04 13:01:06 Log        -  RAMI_EXPORT:red|1.570656, 2.195036, 3.903708


2023.06.04 13:01:06 Log        -  RAMI_EXPORT:red|3.235685, 1.135897, 4.808057


2023.06.04 13:01:06 Log        -  RAMI_EXPORT:red|2.801495, 2.237037, 6.119455


2023.06.04 13:01:06 Log        -  RAMI_EXPORT:red|2.537235, 1.712436, 6.617255


2023.06.04 13:01:06 Log        -  RAMI_EXPORT:red|2.623584, 2.069771, 3.927376


2023.06.04 13:01:06 Log        -  RAMI_EXPORT:red|1.345289, 3.323249, 4.848914


2023.06.04 13:01:06 Log        -  RAMI_EXPORT:red|1.597292, 1.31171, 6.353301


2023.06.04 13:01:06 Log        -  RAMI_EXPORT:red|3.790741, 1.990273, 5.037478


2023.06.04 13:01:06 Log        -  RAMI_EXPORT:red|2.130673, 3.326348, 4.785481


2023.06.04 13:01:06 Log        -  RAMI_EXPORT:red|2.059031, 0.5469042, 4.542902


2023.06.04 13:01:06 Log        -  RAMI_EXPORT:red|0.8359834, 1.748172, 5.213331


2023.06.04 13:01:06 Log        -  RAMI_EXPORT:red|0.8153099, 1.802291, 4.825898


2023.06.04 13:01:06 Log        -  RAMI_EXPORT:red|2.140707, 2.759855, 4.684915


2023.06.04 13:01:06 Log        -  RAMI_EXPORT:red|0.9565552, 2.495867, 4.804108


2023.06.04 13:01:06 Log        -  RAMI_EXPORT:red|3.429284, 1.815152, 6.012522


2023.06.04 13:01:06 Log        -  RAMI_EXPORT:red|1.710716, 1.275914, 5.643008


2023.06.04 13:01:06 Log        -  RAMI_EXPORT:red|3.406646, 3.010364, 5.387797


2023.06.04 13:01:06 Log        -  RAMI_EXPORT:red|2.637355, 2.495512, 3.836536


2023.06.04 13:01:06 Log        -  RAMI_EXPORT:red|3.063845, 2.302392, 5.07421


2023.06.04 13:01:06 Log        -  RAMI_EXPORT:red|2.838631, 0.6635029, 4.505339


2023.06.04 13:01:06 Log        -  RAMI_EXPORT:red|0.7042493, 1.636724, 5.048341


2023.06.04 13:01:06 Log        -  RAMI_EXPORT:red|1.656787, 1.558393, 6.492341


2023.06.04 13:01:06 Log        -  RAMI_EXPORT:red|2.010074, 1.173347, 4.864726


2023.06.04 13:01:06 Log        -  RAMI_EXPORT:red|1.514943, 1.08994, 5.020674


2023.06.04 13:01:06 Log        -  RAMI_EXPORT:red|0.8139371, 2.090907, 5.59092


2023.06.04 13:01:06 Log        -  RAMI_EXPORT:red|2.5191, 2.541281, 4.016456


2023.06.04 13:01:06 Log        -  RAMI_EXPORT:red|2.306674, 1.611296, 4.752944


2023.06.04 13:01:06 Log        -  RAMI_EXPORT:red|2.236223, 1.56185, 5.210953


2023.06.04 13:01:06 Log        -  RAMI_EXPORT:red|2.990512, 0.6476475, 4.89257


2023.06.04 13:01:06 Log        -  RAMI_EXPORT:red|1.308295, 2.502332, 4.152359


2023.06.04 13:01:06 Log        -  RAMI_EXPORT:red|3.117604, 3.3081, 5.120964


2023.06.04 13:01:06 Log        -  RAMI_EXPORT:red|3.388008, 2.785748, 5.336963


2023.06.04 13:01:06 Log        -  RAMI_EXPORT:red|2.362453, 1.146843, 6.398931


2023.06.04 13:01:06 Log        -  RAMI_EXPORT:red|3.01927, 2.646263, 4.313322


2023.06.04 13:01:06 Log        -  RAMI_EXPORT:red|1.184788, 1.313513, 4.900077


2023.06.04 13:01:06 Log        -  RAMI_EXPORT:red|3.751967, 2.209847, 4.799017


2023.06.04 13:01:06 Log        -  RAMI_EXPORT:red|1.912363, 2.382325, 6.014611


2023.06.04 13:01:06 Log        -  RAMI_EXPORT:red|1.977575, 2.965483, 4.41577


2023.06.04 13:01:06 Log        -  RAMI_EXPORT:red|0.6185304, 2.021456, 5.245671


2023.06.04 13:01:06 Log        -  RAMI_EXPORT:red|2.794281, 0.9214944, 5.26157


2023.06.04 13:01:06 Log        -  RAMI_EXPORT:red|2.46349, 1.65142, 6.373389


2023.06.04 13:01:06 Log        -  RAMI_EXPORT:red|1.561306, 2.718094, 4.95539


2023.06.04 13:01:06 Log        -  RAMI_EXPORT:red|2.648626, 1.028964, 3.962319


2023.06.04 13:01:06 Log        -  RAMI_EXPORT:red|3.478603, 1.909318, 5.097662


2023.06.04 13:01:06 Log        -  RAMI_EXPORT:red|3.335944, 2.108475, 6.081584


2023.06.04 13:01:06 Log        -  RAMI_EXPORT:red|1.730207, 1.393949, 6.016185


2023.06.04 13:01:06 Log        -  RAMI_EXPORT:red|0.741285, 2.503715, 4.6875


2023.06.04 13:01:06 Log        -  RAMI_EXPORT:red|1.093298, 1.957776, 5.507635


2023.06.04 13:01:06 Log        -  RAMI_EXPORT:red|2.632399, 3.512321, 4.81811


2023.06.04 13:01:06 Log        -  RAMI_EXPORT:red|3.405446, 2.508626, 5.073486


2023.06.04 13:01:06 Log        -  RAMI_EXPORT:red|3.528656, 2.527479, 5.003705


2023.06.04 13:01:06 Log        -  RAMI_EXPORT:red|3.792241, 1.90223, 5.179452


2023.06.04 13:01:06 Log        -  RAMI_EXPORT:red|2.370455, 1.695569, 5.460726


2023.06.04 13:01:06 Log        -  RAMI_EXPORT:red|1.321161, 1.705781, 5.14696


2023.06.04 13:01:06 Log        -  RAMI_EXPORT:red|3.374062, 2.576004, 5.481422


2023.06.04 13:01:06 Log        -  RAMI_EXPORT:red|3.483271, 2.633246, 4.90573


2023.06.04 13:01:06 Log        -  RAMI_EXPORT:red|2.340194, 1.778868, 4.79102


2023.06.04 13:01:06 Log        -  RAMI_EXPORT:red|3.739575, 1.899131, 4.815576


2023.06.04 13:01:06 Log        -  RAMI_EXPORT:red|0.9901477, 1.576918, 4.96603


2023.06.04 13:01:06 Log        -  RAMI_EXPORT:red|3.695791, 1.702361, 4.908882


2023.06.04 13:01:06 Log        -  RAMI_EXPORT:red|1.963042, 2.090181, 5.702028


2023.06.04 13:01:06 Log        -  RAMI_EXPORT:red|1.936015, 1.065537, 5.123199


2023.06.04 13:01:06 Log        -  RAMI_EXPORT:red|2.830627, 1.578917, 6.14461


2023.06.04 13:01:06 Log        -  RAMI_EXPORT:red|1.311004, 3.022381, 4.744699


2023.06.04 13:01:06 Log        -  RAMI_EXPORT:red|2.695994, 1.69778, 5.572019


2023.06.04 13:01:06 Log        -  RAMI_EXPORT:red|3.160156, 2.662017, 4.201291


2023.06.04 13:01:06 Log        -  RAMI_EXPORT:red|0.8117386, 2.374798, 5.065096


2023.06.04 13:01:06 Log        -  RAMI_EXPORT:red|2.238365, 2.188316, 5.640553


2023.06.04 13:01:06 Log        -  RAMI_EXPORT:red|2.907283, 1.137799, 4.604583


2023.06.04 13:01:06 Log        -  RAMI_EXPORT:red|1.049789, 1.907946, 4.085672


2023.06.04 13:01:06 Log        -  RAMI_EXPORT:red|2.772431, 2.123774, 6.351628


2023.06.04 13:01:06 Log        -  RAMI_EXPORT:red|1.58847, 3.308052, 4.44113


2023.06.04 13:01:06 Log        -  RAMI_EXPORT:red|2.607423, 2.260122, 6.145121


2023.06.04 13:01:06 Log        -  RAMI_EXPORT:red|2.507209, 0.5704926, 4.487465


2023.06.04 13:01:06 Log        -  RAMI_EXPORT:red|2.308682, 1.451452, 4.157668


2023.06.04 13:01:06 Log        -  RAMI_EXPORT:red|3.344446, 1.403703, 5.396022


2023.06.04 13:01:06 Log        -  RAMI_EXPORT:red|1.862187, 2.645041, 6.438419


2023.06.04 13:01:06 Log        -  RAMI_EXPORT:red|3.610584, 1.747323, 4.820972


2023.06.04 13:01:06 Log        -  RAMI_EXPORT:red|1.431991, 3.13347, 4.880917


2023.06.04 13:01:06 Log        -  RAMI_EXPORT:red|3.569919, 1.395643, 4.981291


2023.06.04 13:01:06 Log        -  RAMI_EXPORT:red|0.7598797, 1.926605, 5.355502


2023.06.04 13:01:06 Log        -  RAMI_EXPORT:red|1.907715, 2.388279, 5.584988


2023.06.04 13:01:06 Log        -  RAMI_EXPORT:red|1.874001, 0.9347126, 5.551986


2023.06.04 13:01:06 Log        -  RAMI_EXPORT:red|3.318235, 2.545157, 5.972926


2023.06.04 13:01:06 Log        -  RAMI_EXPORT:red|2.777713, 1.995116, 5.870832


2023.06.04 13:01:06 Log        -  RAMI_EXPORT:red|3.492893, 2.249571, 4.193274


2023.06.04 13:01:06 Log        -  RAMI_EXPORT:red|2.221144, 3.087105, 6.197708


2023.06.04 13:01:06 Log        -  RAMI_EXPORT:red|1.72719, 2.91806, 4.373991


2023.06.04 13:01:06 Log        -  RAMI_EXPORT:red|1.124069, 2.919336, 5.789049


2023.06.04 13:01:06 Log        -  RAMI_EXPORT:red|2.865417, 2.430861, 4.57728


2023.06.04 13:01:06 Log        -  RAMI_EXPORT:red|2.005418, 1.314883, 4.585948


2023.06.04 13:01:06 Log        -  RAMI_EXPORT:red|3.452898, 2.40304, 4.199275


2023.06.04 13:01:06 Log        -  RAMI_EXPORT:red|1.614434, 1.635306, 5.258366


2023.06.04 13:01:06 Log        -  RAMI_EXPORT:red|2.164474, 2.720807, 5.816953


2023.06.04 13:01:06 Log        -  RAMI_EXPORT:red|2.666216, 0.614522, 5.431951


2023.06.04 13:01:06 Log        -  RAMI_EXPORT:red|3.420636, 1.594194, 5.865157


2023.06.04 13:01:06 Log        -  RAMI_EXPORT:red|2.085412, 2.391367, 5.655112


2023.06.04 13:01:06 Log        -  RAMI_EXPORT:red|3.447825, 2.275498, 5.681334


2023.06.04 13:01:06 Log        -  RAMI_EXPORT:red|1.534342, 2.974566, 5.597956


2023.06.04 13:01:06 Log        -  RAMI_EXPORT:red|3.213516, 3.088605, 4.868041


2023.06.04 13:01:06 Log        -  RAMI_EXPORT:red|2.21769, 2.80447, 6.41207


2023.06.04 13:01:06 Log        -  RAMI_EXPORT:red|1.535918, 2.649368, 5.132215


2023.06.04 13:01:06 Log        -  RAMI_EXPORT:red|2.209277, 0.7251868, 6.04882


2023.06.04 13:01:06 Log        -  RAMI_EXPORT:red|2.005769, 0.8391129, 5.96581


2023.06.04 13:01:06 Log        -  RAMI_EXPORT:red|2.557486, 0.503991, 5.252217


2023.06.04 13:01:06 Log        -  RAMI_EXPORT:red|1.610466, 2.492754, 4.21152


2023.06.04 13:01:06 Log        -  RAMI_EXPORT:red|2.947547, 1.053924, 5.495942


2023.06.04 13:01:06 Log        -  RAMI_EXPORT:red|1.232124, 2.932238, 4.404875


2023.06.04 13:01:06 Log        -  RAMI_EXPORT:red|1.263566, 2.223801, 4.641167


2023.06.04 13:01:06 Log        -  RAMI_EXPORT:red|2.663018, 3.520636, 4.932955


2023.06.04 13:01:06 Log        -  RAMI_EXPORT:red|2.800905, 3.426951, 4.780942


2023.06.04 13:01:06 Log        -  RAMI_EXPORT:red|2.377796, 0.4735886, 5.38687


2023.06.04 13:01:06 Log        -  RAMI_EXPORT:red|1.254088, 3.251386, 5.101157


2023.06.04 13:01:06 Log        -  RAMI_EXPORT:red|2.900068, 1.328191, 4.17241


2023.06.04 13:01:06 Log        -  RAMI_EXPORT:red|1.839764, 2.361, 6.517913


2023.06.04 13:01:06 Log        -  RAMI_EXPORT:red|3.495788, 2.346538, 5.881664


2023.06.04 13:01:06 Log        -  RAMI_EXPORT:red|1.141921, 1.095278, 4.527121


2023.06.04 13:01:06 Log        -  RAMI_EXPORT:red|3.757469, 1.666345, 5.019975


2023.06.04 13:01:06 Log        -  RAMI_EXPORT:red|1.966736, 1.818406, 4.353224


2023.06.04 13:01:06 Log        -  RAMI_EXPORT:red|1.072793, 1.383427, 5.692711


2023.06.04 13:01:06 Log        -  RAMI_EXPORT:red|1.36939, 2.358093, 4.997203


2023.06.04 13:01:06 Log        -  RAMI_EXPORT:red|2.230001, 3.554739, 5.182516


2023.06.04 13:01:06 Log        -  RAMI_EXPORT:red|2.520663, 1.977465, 4.250748


2023.06.04 13:01:06 Log        -  RAMI_EXPORT:red|2.562596, 1.080453, 4.925171


2023.06.04 13:01:06 Log        -  RAMI_EXPORT:red|2.871922, 2.668304, 5.315038


2023.06.04 13:01:06 Log        -  RAMI_EXPORT:red|1.022994, 2.890501, 5.125371


2023.06.04 13:01:06 Log        -  RAMI_EXPORT:red|3.425095, 2.024797, 6.081361


2023.06.04 13:01:06 Log        -  RAMI_EXPORT:red|1.468622, 2.288569, 5.032523


2023.06.04 13:01:06 Log        -  RAMI_EXPORT:red|3.638612, 1.807982, 5.383724


2023.06.04 13:01:06 Log        -  RAMI_EXPORT:red|2.951293, 1.915306, 6.300976


2023.06.04 13:01:06 Log        -  RAMI_EXPORT:red|1.612694, 0.6141268, 5.096299


2023.06.04 13:01:06 Log        -  RAMI_EXPORT:red|2.016721, 1.975081, 5.749499


2023.06.04 13:01:06 Log        -  RAMI_EXPORT:red|1.788967, 2.761949, 4.301708


2023.06.04 13:01:06 Log        -  RAMI_EXPORT:red|0.7822276, 2.141759, 5.337307


2023.06.04 13:01:06 Log        -  RAMI_EXPORT:red|2.629656, 1.776292, 5.539007


2023.06.04 13:01:06 Log        -  RAMI_EXPORT:red|2.77952, 2.251042, 6.167375


2023.06.04 13:01:06 Log        -  RAMI_EXPORT:red|1.971762, 3.003076, 4.645449


2023.06.04 13:01:06 Log        -  RAMI_EXPORT:red|2.327549, 0.8330736, 4.709425


2023.06.04 13:01:06 Log        -  RAMI_EXPORT:green|7.317566, 2.353955, 5.30942


2023.06.04 13:01:06 Log        -  RAMI_EXPORT:green|7.803059, 1.616559, 5.339038


2023.06.04 13:01:06 Log        -  RAMI_EXPORT:green|6.607628, 2.034589, 4.493797


2023.06.04 13:01:06 Log        -  RAMI_EXPORT:green|7.62212, 2.524587, 5.123637


2023.06.04 13:01:06 Log        -  RAMI_EXPORT:green|7.986925, 2.52354, 5.254127


2023.06.04 13:01:06 Log        -  RAMI_EXPORT:green|7.432575, 1.265115, 4.629507


2023.06.04 13:01:06 Log        -  RAMI_EXPORT:green|7.069709, 2.38174, 3.593356


2023.06.04 13:01:06 Log        -  RAMI_EXPORT:green|8.17417, 1.607622, 3.529144


2023.06.04 13:01:06 Log        -  RAMI_EXPORT:green|7.527398, 1.29502, 4.548929


2023.06.04 13:01:06 Log        -  RAMI_EXPORT:green|7.905902, 2.629667, 4.153186


2023.06.04 13:01:06 Log        -  RAMI_EXPORT:green|7.895157, 2.163512, 4.100749


2023.06.04 13:01:06 Log        -  RAMI_EXPORT:green|8.662519, 2.016279, 4.814456


2023.06.04 13:01:06 Log        -  RAMI_EXPORT:green|7.774758, 1.587946, 4.186654


2023.06.04 13:01:06 Log        -  RAMI_EXPORT:green|7.489857, 1.037654, 4.615746


2023.06.04 13:01:06 Log        -  RAMI_EXPORT:green|6.970289, 1.646285, 4.144217


2023.06.04 13:01:06 Log        -  RAMI_EXPORT:green|7.260617, 1.156131, 3.935728


2023.06.04 13:01:06 Log        -  RAMI_EXPORT:green|8.739814, 1.643883, 4.379706


2023.06.04 13:01:06 Log        -  RAMI_EXPORT:green|7.222955, 2.939935, 4.159678


2023.06.04 13:01:06 Log        -  RAMI_EXPORT:green|7.753949, 2.871837, 5.006126


2023.06.04 13:01:06 Log        -  RAMI_EXPORT:green|8.187167, 1.768726, 4.707282


2023.06.04 13:01:06 Log        -  RAMI_EXPORT:green|8.350827, 2.271536, 5.051279


2023.06.04 13:01:06 Log        -  RAMI_EXPORT:green|7.673389, 2.472989, 4.317523


2023.06.04 13:01:06 Log        -  RAMI_EXPORT:green|7.325421, 2.748809, 4.166449


2023.06.04 13:01:06 Log        -  RAMI_EXPORT:green|7.688501, 2.891942, 4.169172


2023.06.04 13:01:06 Log        -  RAMI_EXPORT:green|8.407501, 1.178252, 4.249645


2023.06.04 13:01:06 Log        -  RAMI_EXPORT:green|7.801195, 2.791045, 4.196534


2023.06.04 13:01:06 Log        -  RAMI_EXPORT:green|6.973186, 1.175096, 4.393807


2023.06.04 13:01:06 Log        -  RAMI_EXPORT:green|7.674724, 2.430961, 3.480762


2023.06.04 13:01:06 Log        -  RAMI_EXPORT:green|7.091619, 2.71082, 4.101816


2023.06.04 13:01:06 Log        -  RAMI_EXPORT:green|7.015055, 2.321621, 4.385966


2023.06.04 13:01:06 Log        -  RAMI_EXPORT:green|8.018054, 2.798149, 3.748504


2023.06.04 13:01:06 Log        -  RAMI_EXPORT:green|8.683412, 1.705798, 4.550223


2023.06.04 13:01:06 Log        -  RAMI_EXPORT:green|7.911207, 1.697124, 5.264126


2023.06.04 13:01:06 Log        -  RAMI_EXPORT:green|7.021302, 2.046422, 4.786427


2023.06.04 13:01:06 Log        -  RAMI_EXPORT:green|8.718554, 1.653485, 4.43611


2023.06.04 13:01:06 Log        -  RAMI_EXPORT:green|6.996502, 1.26083, 4.674658


2023.06.04 13:01:06 Log        -  RAMI_EXPORT:green|8.423226, 1.226973, 4.131007


2023.06.04 13:01:06 Log        -  RAMI_EXPORT:green|8.016909, 1.01727, 4.669804


2023.06.04 13:01:06 Log        -  RAMI_EXPORT:green|7.966963, 1.683828, 4.930973


2023.06.04 13:01:06 Log        -  RAMI_EXPORT:green|6.610328, 1.929167, 4.418011


2023.06.04 13:01:06 Log        -  RAMI_EXPORT:green|8.295665, 1.505289, 5.135007


2023.06.04 13:01:06 Log        -  RAMI_EXPORT:green|8.295032, 1.816589, 3.707746


2023.06.04 13:01:06 Log        -  RAMI_EXPORT:green|8.714521, 2.297916, 4.53662


2023.06.04 13:01:06 Log        -  RAMI_EXPORT:green|8.106387, 1.94979, 3.625863


2023.06.04 13:01:06 Log        -  RAMI_EXPORT:green|7.011636, 2.847523, 4.533074


2023.06.04 13:01:06 Log        -  RAMI_EXPORT:green|8.07603, 1.411542, 4.323766


2023.06.04 13:01:06 Log        -  RAMI_EXPORT:green|8.514649, 2.572356, 4.15449


2023.06.04 13:01:06 Log        -  RAMI_EXPORT:green|8.139524, 1.496635, 4.03654


2023.06.04 13:01:06 Log        -  RAMI_EXPORT:green|6.70099, 1.727189, 4.716074


2023.06.04 13:01:06 Log        -  RAMI_EXPORT:green|8.142608, 2.339744, 5.187585


2023.06.04 13:01:06 Log        -  RAMI_EXPORT:green|7.47655, 2.986073, 4.696436


2023.06.04 13:01:06 Log        -  RAMI_EXPORT:green|7.0296, 2.297312, 4.421556


2023.06.04 13:01:06 Log        -  RAMI_EXPORT:green|7.759213, 2.231213, 3.857747


2023.06.04 13:01:06 Log        -  RAMI_EXPORT:green|7.976672, 2.26754, 3.435914


2023.06.04 13:01:06 Log        -  RAMI_EXPORT:green|7.349183, 2.972032, 4.077113


2023.06.04 13:01:06 Log        -  RAMI_EXPORT:green|6.694107, 2.119029, 4.800832


2023.06.04 13:01:06 Log        -  RAMI_EXPORT:green|6.791112, 2.06143, 4.077254


2023.06.04 13:01:06 Log        -  RAMI_EXPORT:green|7.571697, 2.62664, 4.129605


2023.06.04 13:01:06 Log        -  RAMI_EXPORT:green|7.394665, 1.763084, 4.82819


2023.06.04 13:01:06 Log        -  RAMI_EXPORT:green|6.945301, 1.206997, 4.403251


2023.06.04 13:01:06 Log        -  RAMI_EXPORT:green|8.666966, 1.89059, 4.003235


2023.06.04 13:01:06 Log        -  RAMI_EXPORT:green|8.284988, 1.68059, 3.98255


2023.06.04 13:01:06 Log        -  RAMI_EXPORT:green|7.277781, 2.269296, 4.164773


2023.06.04 13:01:06 Log        -  RAMI_EXPORT:green|7.263798, 2.33035, 5.216563


2023.06.04 13:01:06 Log        -  RAMI_EXPORT:green|7.552881, 2.408624, 5.205637


2023.06.04 13:01:06 Log        -  RAMI_EXPORT:green|7.867277, 2.332206, 5.221751


2023.06.04 13:01:06 Log        -  RAMI_EXPORT:green|6.879191, 1.899866, 4.730564


2023.06.04 13:01:06 Log        -  RAMI_EXPORT:green|7.12069, 1.099904, 4.391899


2023.06.04 13:01:06 Log        -  RAMI_EXPORT:green|7.702443, 1.668955, 4.141912


2023.06.04 13:01:06 Log        -  RAMI_EXPORT:green|6.907683, 2.149514, 5.080576


2023.06.04 13:01:06 Log        -  RAMI_EXPORT:green|8.281504, 2.33387, 3.707386


2023.06.04 13:01:06 Log        -  RAMI_EXPORT:green|7.794778, 2.870787, 4.740457


2023.06.04 13:01:06 Log        -  RAMI_EXPORT:green|8.578873, 1.669948, 4.537014


2023.06.04 13:01:06 Log        -  RAMI_EXPORT:green|8.196026, 2.595874, 3.678656


2023.06.04 13:01:06 Log        -  RAMI_EXPORT:green|8.418049, 1.974115, 3.62029


2023.06.04 13:01:06 Log        -  RAMI_EXPORT:green|6.74341, 2.448305, 4.296707


2023.06.04 13:01:06 Log        -  RAMI_EXPORT:green|8.060371, 1.19047, 3.82095


2023.06.04 13:01:06 Log        -  RAMI_EXPORT:green|6.815947, 1.504203, 4.175945


2023.06.04 13:01:06 Log        -  RAMI_EXPORT:green|7.616362, 0.9589317, 4.612036


2023.06.04 13:01:06 Log        -  RAMI_EXPORT:green|6.821321, 2.242205, 4.629261


2023.06.04 13:01:06 Log        -  RAMI_EXPORT:green|7.250216, 2.782701, 4.317436


2023.06.04 13:01:06 Log        -  RAMI_EXPORT:green|6.823016, 1.422399, 4.330108


2023.06.04 13:01:06 Log        -  RAMI_EXPORT:green|6.65374, 2.124019, 4.661335


2023.06.04 13:01:06 Log        -  RAMI_EXPORT:green|8.300986, 2.162779, 5.140569


2023.06.04 13:01:06 Log        -  RAMI_EXPORT:green|6.635814, 2.032538, 4.132479


2023.06.04 13:01:06 Log        -  RAMI_EXPORT:green|7.893121, 2.981288, 4.435343


2023.06.04 13:01:06 Log        -  RAMI_EXPORT:green|7.220158, 1.591555, 3.653451


2023.06.04 13:01:06 Log        -  RAMI_EXPORT:green|7.375715, 1.851443, 3.734318


2023.06.04 13:01:06 Log        -  RAMI_EXPORT:green|8.768704, 2.132262, 4.230463


2023.06.04 13:01:06 Log        -  RAMI_EXPORT:green|7.22294, 2.386268, 5.16552


2023.06.04 13:01:06 Log        -  RAMI_EXPORT:green|7.140534, 2.862783, 4.124701


2023.06.04 13:01:06 Log        -  RAMI_EXPORT:green|8.614197, 2.485881, 4.728706


2023.06.04 13:01:06 Log        -  RAMI_EXPORT:green|7.172644, 2.851224, 4.368804


2023.06.04 13:01:06 Log        -  RAMI_EXPORT:green|8.176097, 1.108768, 4.084746


2023.06.04 13:01:06 Log        -  RAMI_EXPORT:green|8.229233, 2.47723, 4.701672


2023.06.04 13:01:06 Log        -  RAMI_EXPORT:green|8.600118, 2.420738, 4.004758


2023.06.04 13:01:06 Log        -  RAMI_EXPORT:green|7.935378, 2.651477, 5.104203


2023.06.04 13:01:06 Log        -  RAMI_EXPORT:green|8.014783, 3.053248, 4.425807


2023.06.04 13:01:06 Log        -  RAMI_EXPORT:green|7.317803, 1.462955, 3.977785


2023.06.04 13:01:06 Log        -  RAMI_EXPORT:green|6.629362, 1.968508, 4.263816


2023.06.04 13:01:06 Log        -  RAMI_EXPORT:green|8.59767, 2.243668, 3.83582


2023.06.04 13:01:06 Log        -  RAMI_EXPORT:green|6.695845, 1.765229, 4.237801


2023.06.04 13:01:06 Log        -  RAMI_EXPORT:green|8.733815, 1.874611, 4.45597


2023.06.04 13:01:06 Log        -  RAMI_EXPORT:green|8.162277, 1.893232, 5.093819


2023.06.04 13:01:06 Log        -  RAMI_EXPORT:green|7.581434, 1.218748, 5.097255


2023.06.04 13:01:06 Log        -  RAMI_EXPORT:green|8.651192, 2.234742, 4.334872


2023.06.04 13:01:06 Log        -  RAMI_EXPORT:green|7.173517, 2.940018, 4.281754


2023.06.04 13:01:06 Log        -  RAMI_EXPORT:green|8.426873, 2.651159, 4.866556


2023.06.04 13:01:06 Log        -  RAMI_EXPORT:green|8.493099, 2.593138, 4.649614


2023.06.04 13:01:06 Log        -  RAMI_EXPORT:green|7.869777, 2.5571, 4.434128


2023.06.04 13:01:06 Log        -  RAMI_EXPORT:green|7.791262, 1.210213, 4.224735


2023.06.04 13:01:06 Log        -  RAMI_EXPORT:green|8.068732, 2.475751, 4.800052


2023.06.04 13:01:06 Log        -  RAMI_EXPORT:green|7.217051, 2.357715, 5.176146


2023.06.04 13:01:06 Log        -  RAMI_EXPORT:green|6.93541, 1.832883, 4.082219


2023.06.04 13:01:06 Log        -  RAMI_EXPORT:green|8.607021, 2.467213, 4.392488


2023.06.04 13:01:06 Log        -  RAMI_EXPORT:green|6.702044, 1.947345, 4.606822


2023.06.04 13:01:06 Log        -  RAMI_EXPORT:green|7.885615, 2.990609, 4.380333


2023.06.04 13:01:06 Log        -  RAMI_EXPORT:green|6.978238, 1.711738, 4.479883


2023.06.04 13:01:06 Log        -  RAMI_EXPORT:green|8.750785, 1.930131, 4.17174


2023.06.04 13:01:06 Log        -  RAMI_EXPORT:green|7.731647, 2.15195, 4.354533


2023.06.04 13:01:06 Log        -  RAMI_EXPORT:blue|5.755772, 2.643281, 1.915217


2023.06.04 13:01:06 Log        -  RAMI_EXPORT:blue|3.486692, 2.438753, 1.271898


2023.06.04 13:01:06 Log        -  RAMI_EXPORT:blue|4.082338, 3.199897, 3.621086


2023.06.04 13:01:06 Log        -  RAMI_EXPORT:blue|3.459404, 1.234182, 3.685384


2023.06.04 13:01:06 Log        -  RAMI_EXPORT:blue|4.19684, 1.20307, 1.135829


2023.06.04 13:01:06 Log        -  RAMI_EXPORT:blue|4.556393, 2.1087, 0.407403


2023.06.04 13:01:06 Log        -  RAMI_EXPORT:blue|5.25344, 0.4866729, 2.205563


2023.06.04 13:01:06 Log        -  RAMI_EXPORT:blue|5.324896, 1.853471, 2.302363


2023.06.04 13:01:06 Log        -  RAMI_EXPORT:blue|5.823532, 2.945741, 2.79017


2023.06.04 13:01:06 Log        -  RAMI_EXPORT:blue|6.115063, 2.715465, 2.294086


2023.06.04 13:01:06 Log        -  RAMI_EXPORT:blue|4.252209, 0.6500453, 2.006397


2023.06.04 13:01:06 Log        -  RAMI_EXPORT:blue|4.598149, 0.4907349, 0.633155


2023.06.04 13:01:06 Log        -  RAMI_EXPORT:blue|5.88558, 1.648614, 2.529861


2023.06.04 13:01:06 Log        -  RAMI_EXPORT:blue|3.532189, 0.6560496, 2.057737


2023.06.04 13:01:06 Log        -  RAMI_EXPORT:blue|4.514781, 1.001441, 3.261963


2023.06.04 13:01:06 Log        -  RAMI_EXPORT:blue|2.865608, 3.346624, 1.828369


2023.06.04 13:01:06 Log        -  RAMI_EXPORT:blue|5.044306, 3.701309, 1.950555


2023.06.04 13:01:06 Log        -  RAMI_EXPORT:blue|4.836197, 3.88149, 1.819508


2023.06.04 13:01:06 Log        -  RAMI_EXPORT:blue|2.449757, 1.753819, 1.433701


2023.06.04 13:01:06 Log        -  RAMI_EXPORT:blue|3.118986, 2.920997, 3.510826


2023.06.04 13:01:06 Log        -  RAMI_EXPORT:blue|3.918995, 3.209322, 0.7664713


2023.06.04 13:01:06 Log        -  RAMI_EXPORT:blue|5.163803, 0.1650702, 1.86357


2023.06.04 13:01:06 Log        -  RAMI_EXPORT:blue|4.90634, 3.230169, 2.339733


2023.06.04 13:01:06 Log        -  RAMI_EXPORT:blue|3.844673, 2.84287, 0.6848778


2023.06.04 13:01:06 Log        -  RAMI_EXPORT:blue|3.846503, 3.91693, 2.499511


2023.06.04 13:01:06 Log        -  RAMI_EXPORT:blue|3.501385, 1.315013, 0.9006312


2023.06.04 13:01:06 Log        -  RAMI_EXPORT:blue|4.352455, -0.06834328, 2.693055


2023.06.04 13:01:06 Log        -  RAMI_EXPORT:blue|4.256278, 2.572307, 0.2578341


2023.06.04 13:01:06 Log        -  RAMI_EXPORT:blue|5.626709, 2.206042, 3.118836


2023.06.04 13:01:06 Log        -  RAMI_EXPORT:blue|5.147134, 1.503539, 3.387172


2023.06.04 13:01:06 Log        -  RAMI_EXPORT:blue|5.630418, 2.763676, 3.150013


2023.06.04 13:01:06 Log        -  RAMI_EXPORT:blue|2.2519, 1.877514, 2.336311


2023.06.04 13:01:06 Log        -  RAMI_EXPORT:blue|4.126489, 2.442061, 3.248199


2023.06.04 13:01:06 Log        -  RAMI_EXPORT:blue|4.690396, 0.1888276, 1.100184


2023.06.04 13:01:06 Log        -  RAMI_EXPORT:blue|2.561772, 1.797952, 3.306544


2023.06.04 13:01:06 Log        -  RAMI_EXPORT:blue|4.793866, 1.431459, 0.4653053


2023.06.04 13:01:06 Log        -  RAMI_EXPORT:blue|6.150102, 1.403198, 2.297966


2023.06.04 13:01:06 Log        -  RAMI_EXPORT:blue|5.523701, 0.5549046, 2.759304


2023.06.04 13:01:06 Log        -  RAMI_EXPORT:blue|2.991403, 1.434525, 1.401302


2023.06.04 13:01:06 Log        -  RAMI_EXPORT:blue|5.287366, 1.785513, 3.504853


2023.06.04 13:01:06 Log        -  RAMI_EXPORT:blue|4.856214, 1.947618, 0.3651836


2023.06.04 13:01:06 Log        -  RAMI_EXPORT:blue|5.576689, 2.939568, 2.151953


2023.06.04 13:01:06 Log        -  RAMI_EXPORT:blue|5.510353, 1.314674, 2.376005


2023.06.04 13:01:06 Log        -  RAMI_EXPORT:blue|3.012917, 1.719248, 1.97477


2023.06.04 13:01:06 Log        -  RAMI_EXPORT:blue|3.548611, 3.509214, 1.627916


2023.06.04 13:01:06 Log        -  RAMI_EXPORT:blue|5.817532, 1.148394, 1.429397


2023.06.04 13:01:06 Log        -  RAMI_EXPORT:blue|4.338248, 3.038428, 2.866461


2023.06.04 13:01:06 Log        -  RAMI_EXPORT:blue|3.087028, 3.294039, 1.471747


2023.06.04 13:01:06 Log        -  RAMI_EXPORT:blue|3.907223, 1.062914, 2.517177


2023.06.04 13:01:06 Log        -  RAMI_EXPORT:blue|4.865094, 2.144003, 1.031421


2023.06.04 13:01:06 Log        -  RAMI_EXPORT:blue|5.529785, 3.161334, 2.316466


2023.06.04 13:01:06 Log        -  RAMI_EXPORT:blue|5.276652, 0.5714109, 1.898197


2023.06.04 13:01:06 Log        -  RAMI_EXPORT:blue|4.452681, 0.7744304, 2.941031


2023.06.04 13:01:06 Log        -  RAMI_EXPORT:blue|2.786194, 1.759238, 2.678988


2023.06.04 13:01:06 Log        -  RAMI_EXPORT:blue|6.091715, 1.499476, 1.399349


2023.06.04 13:01:06 Log        -  RAMI_EXPORT:blue|5.431275, 2.01247, 2.140883


2023.06.04 13:01:06 Log        -  RAMI_EXPORT:blue|3.512224, 3.856316, 1.784776


2023.06.04 13:01:06 Log        -  RAMI_EXPORT:blue|5.429004, 2.481758, 0.8400751


2023.06.04 13:01:06 Log        -  RAMI_EXPORT:blue|2.542684, 2.652661, 2.032599


2023.06.04 13:01:06 Log        -  RAMI_EXPORT:blue|2.698913, 2.315838, 1.77501


2023.06.04 13:01:06 Log        -  RAMI_EXPORT:blue|5.218462, 0.5523388, 2.156166


2023.06.04 13:01:06 Log        -  RAMI_EXPORT:blue|2.26674, 1.374827, 2.468332


2023.06.04 13:01:06 Log        -  RAMI_EXPORT:blue|5.495287, 0.9813116, 2.7312


2023.06.04 13:01:06 Log        -  RAMI_EXPORT:blue|3.169248, 1.13928, 3.578598


2023.06.04 13:01:06 Log        -  RAMI_EXPORT:blue|5.507315, 0.4510812, 2.250345


2023.06.04 13:01:06 Log        -  RAMI_EXPORT:blue|5.868107, 0.9045312, 2.188861


2023.06.04 13:01:06 Log        -  RAMI_EXPORT:blue|4.668479, 1.470772, 1.874105


2023.06.04 13:01:06 Log        -  RAMI_EXPORT:blue|2.947256, 1.879778, 1.35466


2023.06.04 13:01:06 Log        -  RAMI_EXPORT:blue|2.415856, 2.139423, 1.067454


2023.06.04 13:01:06 Log        -  RAMI_EXPORT:blue|5.952189, 2.17852, 2.945351


2023.06.04 13:01:06 Log        -  RAMI_EXPORT:blue|5.094433, 3.138242, 0.7004108


2023.06.04 13:01:06 Log        -  RAMI_EXPORT:blue|6.217737, 2.069974, 1.706474


2023.06.04 13:01:06 Log        -  RAMI_EXPORT:blue|6.263108, 2.224577, 2.099669


2023.06.04 13:01:06 Log        -  RAMI_EXPORT:blue|4.075422, 3.22455, 3.050595


2023.06.04 13:01:06 Log        -  RAMI_EXPORT:blue|5.1079, 3.660094, 1.8274


2023.06.04 13:01:06 Log        -  RAMI_EXPORT:blue|5.497734, 0.4027351, 2.116127


2023.06.04 13:01:06 Log        -  RAMI_EXPORT:blue|4.215973, 3.102251, 1.081493


2023.06.04 13:01:06 Log        -  RAMI_EXPORT:blue|3.607943, 1.09259, 2.528306


2023.06.04 13:01:06 Log        -  RAMI_EXPORT:blue|4.434909, 2.65916, 2.416405


2023.06.04 13:01:06 Log        -  RAMI_EXPORT:blue|4.692138, 0.3435422, 2.13233


2023.06.04 13:01:06 Log        -  RAMI_EXPORT:blue|2.359075, 2.07821, 2.367258


2023.06.04 13:01:06 Log        -  RAMI_EXPORT:blue|2.440009, 2.228852, 2.021017


2023.06.04 13:01:06 Log        -  RAMI_EXPORT:blue|5.775417, 2.409311, 0.8086032


2023.06.04 13:01:06 Log        -  RAMI_EXPORT:blue|4.451479, 0.9501039, 2.253174


2023.06.04 13:01:06 Log        -  RAMI_EXPORT:blue|5.078155, 0.4772332, 3.079883


2023.06.04 13:01:06 Log        -  RAMI_EXPORT:blue|4.617317, 3.571535, 1.105008


2023.06.04 13:01:06 Log        -  RAMI_EXPORT:blue|3.462523, 0.2616863, 3.07128


2023.06.04 13:01:06 Log        -  RAMI_EXPORT:blue|3.319518, 2.139923, 0.9368315


2023.06.04 13:01:06 Log        -  RAMI_EXPORT:blue|5.81034, 3.16801, 2.051245


2023.06.04 13:01:06 Log        -  RAMI_EXPORT:blue|5.474306, 2.994264, 2.334201


2023.06.04 13:01:06 Log        -  RAMI_EXPORT:blue|3.518484, 3.112668, 1.547254


2023.06.04 13:01:06 Log        -  RAMI_EXPORT:blue|3.354711, 0.1997311, 2.359386


2023.06.04 13:01:06 Log        -  RAMI_EXPORT:blue|3.77249, 1.532651, 0.4177308


2023.06.04 13:01:06 Log        -  RAMI_EXPORT:blue|4.264889, 3.528411, 3.349832


2023.06.04 13:01:06 Log        -  RAMI_EXPORT:blue|3.134225, 0.6120666, 1.131865


2023.06.04 13:01:06 Log        -  RAMI_EXPORT:blue|4.741686, 1.387918, 0.9543442


2023.06.04 13:01:06 Log        -  RAMI_EXPORT:blue|5.704383, 2.619256, 3.218


2023.06.04 13:01:06 Log        -  RAMI_EXPORT:blue|2.420903, 1.941325, 2.156446


2023.06.04 13:01:06 Log        -  RAMI_EXPORT:blue|3.587122, 1.693054, 1.078505


2023.06.04 13:01:06 Log        -  RAMI_EXPORT:blue|3.37687, 0.1799365, 1.654801


2023.06.04 13:01:06 Log        -  RAMI_EXPORT:blue|2.29662, 1.273988, 2.137555


2023.06.04 13:01:06 Log        -  RAMI_EXPORT:blue|2.829024, 1.257458, 1.134163


2023.06.04 13:01:06 Log        -  RAMI_EXPORT:blue|3.403333, 3.329988, 2.688018


2023.06.04 13:01:06 Log        -  RAMI_EXPORT:blue|4.231071, 3.637818, 2.068456


2023.06.04 13:01:06 Log        -  RAMI_EXPORT:blue|5.89994, 1.479443, 1.414898


2023.06.04 13:01:06 Log        -  RAMI_EXPORT:blue|3.868426, 2.22805, 0.1770384


2023.06.04 13:01:06 Log        -  RAMI_EXPORT:blue|2.327388, 2.764086, 1.976135


2023.06.04 13:01:06 Log        -  RAMI_EXPORT:blue|2.989235, 0.746634, 2.990711


2023.06.04 13:01:06 Log        -  RAMI_EXPORT:blue|2.756305, 2.019755, 0.7370369


2023.06.04 13:01:06 Log        -  RAMI_EXPORT:blue|3.465904, 2.477516, 2.118967


2023.06.04 13:01:06 Log        -  RAMI_EXPORT:blue|4.455851, 2.498526, 2.32396


2023.06.04 13:01:06 Log        -  RAMI_EXPORT:blue|4.732162, 2.340009, 1.772327


2023.06.04 13:01:06 Log        -  RAMI_EXPORT:blue|2.866259, 1.60628, 0.6533673


2023.06.04 13:01:06 Log        -  RAMI_EXPORT:blue|3.521049, 0.1465274, 2.215981


2023.06.04 13:01:06 Log        -  RAMI_EXPORT:blue|5.048547, 1.281866, 1.771707


2023.06.04 13:01:06 Log        -  RAMI_EXPORT:blue|5.697684, 0.8096188, 2.965876


2023.06.04 13:01:06 Log        -  RAMI_EXPORT:blue|6.191232, 1.926739, 2.193339


2023.06.04 13:01:06 Log        -  RAMI_EXPORT:blue|2.989346, 3.562598, 2.309328


2023.06.04 13:01:06 Log        -  RAMI_EXPORT:blue|4.530696, 0.5539082, 1.54058


2023.06.04 13:01:06 Log        -  RAMI_EXPORT:blue|4.563451, 2.479467, 3.554402


2023.06.04 13:01:06 Log        -  RAMI_EXPORT:blue|2.865425, 1.935486, 2.292525


2023.06.04 13:01:06 Log        -  RAMI_EXPORT:blue|6.16563, 1.918185, 2.003314


2023.06.04 13:01:06 Log        -  RAMI_EXPORT:blue|3.591048, 2.025894, 2.685631


2023.06.04 13:01:06 Log        -  RAMI_EXPORT:blue|2.926373, 0.3838677, 1.561766


2023.06.04 13:01:06 Log        -  RAMI_EXPORT:blue|2.335331, 2.424097, 1.806899


2023.06.04 13:01:06 Log        -  RAMI_EXPORT:blue|6.128313, 1.599013, 1.623017


2023.06.04 13:01:06 Log        -  RAMI_EXPORT:blue|3.674129, 1.198822, 2.497824


2023.06.04 13:01:06 Log        -  RAMI_EXPORT:blue|4.521803, 2.969948, 0.4702761


2023.06.04 13:01:06 Log        -  RAMI_EXPORT:blue|2.517003, 0.8644143, 1.893381


2023.06.04 13:01:06 Log        -  RAMI_EXPORT:blue|3.358609, 0.1567078, 2.35807


2023.06.04 13:01:06 Log        -  RAMI_EXPORT:blue|4.828314, 2.179434, 1.642417


2023.06.04 13:01:06 Log        -  RAMI_EXPORT:blue|4.920396, 3.514766, 1.673155


2023.06.04 13:01:06 Log        -  RAMI_EXPORT:blue|3.57454, 2.834084, 2.100263


2023.06.04 13:01:06 Log        -  RAMI_EXPORT:blue|4.950454, 2.784806, 1.897449


2023.06.04 13:01:06 Log        -  RAMI_EXPORT:blue|5.420739, 2.448916, 1.039257


2023.06.04 13:01:06 Log        -  RAMI_EXPORT:blue|2.173, 1.972622, 2.5706


2023.06.04 13:01:06 Log        -  RAMI_EXPORT:blue|5.248696, 1.824712, 1.908002


2023.06.04 13:01:06 Log        -  RAMI_EXPORT:blue|2.452271, 2.004038, 1.805037


2023.06.04 13:01:06 Log        -  RAMI_EXPORT:blue|3.650295, 0.5520974, 0.7192044


2023.06.04 13:01:06 Log        -  RAMI_EXPORT:blue|3.519761, 3.301243, 1.148918


2023.06.04 13:01:06 Log        -  RAMI_EXPORT:blue|6.217088, 1.942148, 1.870797


2023.06.04 13:01:06 Log        -  RAMI_EXPORT:blue|4.17577, 0.2942756, 2.685552


2023.06.04 13:01:06 Log        -  RAMI_EXPORT:blue|2.968168, 2.278661, 2.123786


2023.06.04 13:01:06 Log        -  RAMI_EXPORT:blue|3.868708, 2.511431, 3.46226


2023.06.04 13:01:06 Log        -  RAMI_EXPORT:blue|5.998999, 2.786834, 1.974236


2023.06.04 13:01:06 Log        -  RAMI_EXPORT:blue|2.31368, 1.485641, 1.718735


2023.06.04 13:01:06 Log        -  RAMI_EXPORT:blue|3.041035, 0.2125696, 2.346721


2023.06.04 13:01:06 Log        -  RAMI_EXPORT:blue|3.93525, -0.07562935, 1.675047


2023.06.04 13:01:06 Log        -  RAMI_EXPORT:blue|2.485134, 0.9345677, 2.443256


2023.06.04 13:01:06 Log        -  RAMI_EXPORT:blue|4.121095, 2.194387, 0.8564558


2023.06.04 13:01:06 Log        -  RAMI_EXPORT:blue|4.461603, 2.411159, 0.6452687


2023.06.04 13:01:06 Log        -  RAMI_EXPORT:blue|3.98781, 1.309411, 2.838233


2023.06.04 13:01:06 Log        -  RAMI_EXPORT:blue|3.002225, 0.975352, 1.908434


2023.06.04 13:01:06 Log        -  RAMI_EXPORT:blue|4.3455, 3.205297, 3.675941


2023.06.04 13:01:06 Log        -  RAMI_EXPORT:blue|5.824328, 2.973897, 2.752325


2023.06.04 13:01:06 Log        -  RAMI_EXPORT:blue|5.216402, 3.144949, 3.051635


2023.06.04 13:01:06 Log        -  RAMI_EXPORT:blue|5.315889, 1.305485, 1.56187


2023.06.04 13:01:06 Log        -  RAMI_EXPORT:blue|4.968681, 0.4031609, 3.178768


2023.06.04 13:01:06 Log        -  RAMI_EXPORT:blue|6.284188, 1.928797, 2.354167


2023.06.04 13:01:06 Log        -  RAMI_EXPORT:blue|2.281793, 1.229756, 1.650251


2023.06.04 13:01:06 Log        -  RAMI_EXPORT:blue|5.301539, 2.052167, 2.759301


2023.06.04 13:01:06 Log        -  RAMI_EXPORT:blue|4.300078, 0.5442704, 1.709949


2023.06.04 13:01:06 Log        -  RAMI_EXPORT:blue|3.149659, 2.233408, 1.654332


2023.06.04 13:01:06 Log        -  RAMI_EXPORT:blue|2.284719, 1.779354, 1.989147


2023.06.04 13:01:06 Log        -  RAMI_EXPORT:blue|5.648382, 1.956086, 2.179768


2023.06.04 13:01:06 Log        -  RAMI_EXPORT:blue|5.425694, 1.171514, 2.722449


2023.06.04 13:01:06 Log        -  RAMI_EXPORT:blue|5.223415, 0.8613305, 0.864302


2023.06.04 13:01:06 Log        -  RAMI_EXPORT:blue|3.369047, 1.38429, 2.334088


2023.06.04 13:01:06 Log        -  RAMI_EXPORT:blue|5.749456, 3.034082, 1.338424


2023.06.04 13:01:06 Log        -  RAMI_EXPORT:blue|4.491185, 2.678035, 0.4246955


2023.06.04 13:01:06 Log        -  RAMI_EXPORT:blue|2.396324, 2.371632, 1.841282


2023.06.04 13:01:06 Log        -  RAMI_EXPORT:blue|3.975129, 1.611567, 0.9442613


2023.06.04 13:01:06 Log        -  RAMI_EXPORT:blue|2.548541, 1.709311, 1.498892


2023.06.04 13:01:06 Log        -  RAMI_EXPORT:blue|3.516883, 3.591878, 1.061296


2023.06.04 13:01:06 Log        -  RAMI_EXPORT:blue|4.144768, 2.841248, 2.536251


2023.06.04 13:01:06 Log        -  RAMI_EXPORT:blue|3.228886, 2.268621, 3.636124


2023.06.04 13:01:06 Log        -  RAMI_EXPORT:blue|2.369188, 2.332663, 1.860315


2023.06.04 13:01:06 Log        -  RAMI_EXPORT:blue|5.673717, 2.134841, 1.180055


2023.06.04 13:01:06 Log        -  RAMI_EXPORT:blue|3.523952, 2.56033, 1.32835


2023.06.04 13:01:06 Log        -  RAMI_EXPORT:blue|3.67211, 0.1809803, 2.59086


2023.06.04 13:01:06 Log        -  RAMI_EXPORT:blue|4.366428, 1.73998, 2.223563


2023.06.04 13:01:06 Log        -  RAMI_EXPORT:blue|2.370201, 2.178987, 2.408863


2023.06.04 13:01:06 Log        -  RAMI_EXPORT:blue|6.002428, 2.026392, 1.385014


2023.06.04 13:01:06 Log        -  RAMI_EXPORT:blue|4.214835, 1.143242, 2.974143


2023.06.04 13:01:06 Log        -  RAMI_EXPORT:blue|2.673863, 1.836771, 1.763635


2023.06.04 13:01:06 Log        -  RAMI_EXPORT:blue|4.807147, 1.644067, 0.4366956


2023.06.04 13:01:06 Log        -  RAMI_EXPORT:blue|5.853007, 2.094008, 3.18276


2023.06.04 13:01:06 Log        -  RAMI_EXPORT:blue|3.365436, 0.8269017, 1.138099


2023.06.04 13:01:06 Log        -  RAMI_EXPORT:blue|4.789763, 0.3941661, 1.209709


2023.06.04 13:01:06 Log        -  RAMI_EXPORT:blue|5.626871, 1.989444, 3.447565


2023.06.04 13:01:06 Log        -  RAMI_EXPORT:blue|5.179558, 0.09355259, 2.277519


2023.06.04 13:01:06 Log        -  RAMI_EXPORT:blue|2.6116, 0.6038374, 1.874259


2023.06.04 13:01:06 Log        -  RAMI_EXPORT:blue|4.151862, 2.378213, 0.5499289


2023.06.04 13:01:06 Log        -  RAMI_EXPORT:blue|4.646981, -0.06874287, 1.859986


2023.06.04 13:01:06 Log        -  RAMI_EXPORT:blue|3.681406, 2.009191, 3.684811


2023.06.04 13:01:06 Log        -  RAMI_EXPORT:blue|5.298778, 3.13618, 1.987022


2023.06.04 13:01:06 Log        -  RAMI_EXPORT:blue|5.647774, 2.57778, 3.288566


2023.06.04 13:01:06 Log        -  RAMI_EXPORT:blue|3.768976, 2.522566, 3.359863


2023.06.04 13:01:06 Log        -  RAMI_EXPORT:blue|3.758531, -0.07158124, 2.309438


2023.06.04 13:01:06 Log        -  RAMI_EXPORT:blue|5.596297, 1.455112, 2.055751


2023.06.04 13:01:06 Log        -  RAMI_EXPORT:blue|3.517824, 1.685487, 2.86102


2023.06.04 13:01:06 Log        -  RAMI_EXPORT:blue|4.70682, 2.06153, 2.238475


2023.06.04 13:01:06 Log        -  RAMI_EXPORT:blue|4.491602, 3.575046, 1.355011


2023.06.04 13:01:06 Log        -  RAMI_EXPORT:blue|2.115298, 1.695214, 2.245506


2023.06.04 13:01:06 Log        -  RAMI_EXPORT:blue|5.311941, 1.231882, 3.345741


2023.06.04 13:01:06 Log        -  RAMI_EXPORT:blue|5.506546, 2.62746, 0.9426783


2023.06.04 13:01:06 Log        -  RAMI_EXPORT:blue|3.920629, 1.093221, 0.668613


2023.06.04 13:01:06 Log        -  RAMI_EXPORT:blue|5.366332, 3.423181, 2.550718


2023.06.04 13:01:06 Log        -  RAMI_EXPORT:blue|2.630082, 1.600422, 1.593681


2023.06.04 13:01:06 Log        -  RAMI_EXPORT:blue|2.788825, 1.238371, 0.7457324


2023.06.04 13:01:06 Log        -  RAMI_EXPORT:blue|3.332252, 3.280235, 2.538836


2023.06.04 13:01:06 Log        -  RAMI_EXPORT:blue|2.809307, 2.147874, 2.369979


2023.06.04 13:01:06 Log        -  RAMI_EXPORT:blue|3.584225, 2.222278, 2.693013


2023.06.04 13:01:06 Log        -  RAMI_EXPORT:blue|6.026546, 1.43335, 2.207886


2023.06.04 13:01:06 Log        -  RAMI_EXPORT:blue|3.079155, 1.844775, 3.5123


2023.06.04 13:01:06 Log        -  RAMI_EXPORT:blue|3.206072, 2.302531, 1.726655


2023.06.04 13:01:06 Log        -  RAMI_EXPORT:blue|2.669314, 0.8367761, 1.491365


2023.06.04 13:01:06 Log        -  RAMI_EXPORT:blue|2.436409, 2.847204, 1.771856


2023.06.04 13:01:06 Log        -  RAMI_EXPORT:blue|4.578422, 0.6353899, 0.7345189


2023.06.04 13:01:06 Log        -  RAMI_EXPORT:blue|5.104539, 1.672789, 0.4212886


2023.06.04 13:01:06 Log        -  RAMI_EXPORT:blue|4.274176, 2.886327, 2.210965


2023.06.04 13:01:06 Log        -  RAMI_EXPORT:blue|2.864857, 1.770769, 0.9590855


2023.06.04 13:01:06 Log        -  RAMI_EXPORT:blue|6.09398, 2.137865, 1.54797


2023.06.04 13:01:06 Log        -  RAMI_EXPORT:blue|3.978383, 0.6441036, 1.058413


2023.06.04 13:01:06 Log        -  RAMI_EXPORT:blue|5.582264, 3.072477, 1.845661


2023.06.04 13:01:06 Log        -  RAMI_EXPORT:blue|3.995538, 3.691097, 2.776765


2023.06.04 13:01:06 Log        -  RAMI_EXPORT:blue|2.325184, 2.697938, 2.524688


2023.06.04 13:01:06 Log        -  RAMI_EXPORT:blue|3.59438, 2.475528, 0.9437606


2023.06.04 13:01:06 Log        -  RAMI_EXPORT:blue|6.066498, 1.253818, 1.978427


2023.06.04 13:01:06 Log        -  RAMI_EXPORT:blue|5.08052, 1.205606, 3.229527


2023.06.04 13:01:06 Log        -  RAMI_EXPORT:blue|5.78998, 1.246575, 1.564507


2023.06.04 13:01:06 Log        -  RAMI_EXPORT:blue|4.155499, 3.802384, 2.127324


2023.06.04 13:01:06 Log        -  RAMI_EXPORT:blue|4.740271, 3.078873, 3.499997


2023.06.04 13:01:06 Log        -  RAMI_EXPORT:blue|2.407224, 1.161432, 2.664054


2023.06.04 13:01:06 Log        -  RAMI_EXPORT:blue|2.224426, 1.249825, 2.200997


2023.06.04 13:01:06 Log        -  RAMI_EXPORT:blue|5.58325, 2.927909, 2.865152


2023.06.04 13:01:06 Log        -  RAMI_EXPORT:blue|5.013865, 2.361632, 1.950429


2023.06.04 13:01:06 Log        -  RAMI_EXPORT:blue|3.54233, 3.491431, 1.962932


2023.06.04 13:01:06 Log        -  RAMI_EXPORT:blue|5.795499, 2.1803, 1.676982


2023.06.04 13:01:06 Log        -  RAMI_EXPORT:blue|5.092431, 3.511526, 2.58367


2023.06.04 13:01:06 Log        -  RAMI_EXPORT:blue|4.513805, 0.07376587, 1.925339


2023.06.04 13:01:06 Log        -  RAMI_EXPORT:blue|2.334328, 2.206095, 1.329944


2023.06.04 13:01:06 Log        -  RAMI_EXPORT:blue|6.077841, 1.122694, 1.801834


2023.06.04 13:01:06 Log        -  RAMI_EXPORT:blue|5.779282, 1.593371, 1.905043


2023.06.04 13:01:06 Log        -  RAMI_EXPORT:blue|5.627102, 3.317858, 2.25657


2023.06.04 13:01:06 Log        -  RAMI_EXPORT:blue|5.869937, 2.635872, 2.150886


2023.06.04 13:01:06 Log        -  RAMI_EXPORT:blue|3.429958, 2.029331, 2.207742


2023.06.04 13:01:06 Log        -  RAMI_EXPORT:blue|4.247516, 0.5756773, 2.664024


2023.06.04 13:01:06 Log        -  RAMI_EXPORT:blue|2.221901, 2.001358, 2.121674


2023.06.04 13:01:06 Log        -  RAMI_EXPORT:blue|3.630171, 0.6754974, 0.8091319


2023.06.04 13:01:06 Log        -  RAMI_EXPORT:blue|4.129289, 0.5340976, 3.522185


2023.06.04 13:01:06 Log        -  RAMI_EXPORT:blue|4.453542, 3.237177, 1.677016


2023.06.04 13:01:06 Log        -  RAMI_EXPORT:blue|5.319697, 0.4525485, 2.41452


2023.06.04 13:01:06 Log        -  RAMI_EXPORT:blue|2.934659, 2.60209, 3.000271


2023.06.04 13:01:06 Log        -  RAMI_EXPORT:blue|2.702387, 1.258972, 1.25153


2023.06.04 13:01:06 Log        -  RAMI_EXPORT:blue|2.820622, 0.8936207, 1.254772


2023.06.04 13:01:06 Log        -  RAMI_EXPORT:blue|2.63477, 0.5080081, 2.210557


2023.06.04 13:01:06 Log        -  RAMI_EXPORT:blue|2.89312, 1.625704, 1.757312


2023.06.04 13:01:06 Log        -  RAMI_EXPORT:blue|3.835738, 2.445094, 3.127768


2023.06.04 13:01:06 Log        -  RAMI_EXPORT:blue|3.442272, 1.015568, 0.7412926


2023.06.04 13:01:06 Log        -  RAMI_EXPORT:blue|3.867299, 2.012228, 3.331033


2023.06.04 13:01:06 Log        -  RAMI_EXPORT:blue|3.370734, 0.9144795, 1.610826


2023.06.04 13:01:06 Log        -  RAMI_EXPORT:blue|2.351524, 2.839261, 2.065381


2023.06.04 13:01:06 Log        -  RAMI_EXPORT:blue|2.756169, 2.184943, 2.992692


2023.06.04 13:01:06 Log        -  RAMI_EXPORT:blue|4.312041, 2.833867, 0.4405872


2023.06.04 13:01:06 Log        -  RAMI_EXPORT:blue|5.900948, 1.200173, 1.947087


2023.06.04 13:01:06 Log        -  RAMI_EXPORT:blue|4.99931, 1.165548, 1.551694


2023.06.04 13:01:06 Log        -  RAMI_EXPORT:blue|3.968976, 3.796074, 2.00033


2023.06.04 13:01:06 Log        -  RAMI_EXPORT:blue|3.202681, 3.256914, 1.946415


2023.06.04 13:01:06 Log        -  RAMI_EXPORT:blue|2.922, 2.498719, 2.197121


2023.06.04 13:01:06 Log        -  RAMI_EXPORT:blue|4.135817, 2.331695, 1.305666


2023.06.04 13:01:06 Log        -  RAMI_EXPORT:blue|5.578188, 0.4005439, 1.76166


2023.06.04 13:01:06 Log        -  RAMI_EXPORT:blue|4.150822, 2.130051, 3.531403


2023.06.04 13:01:06 Log        -  RAMI_EXPORT:blue|4.186891, 0.9557947, 0.307518


2023.06.04 13:01:06 Log        -  RAMI_EXPORT:blue|2.878141, 3.432531, 2.181755


2023.06.04 13:01:06 Log        -  RAMI_EXPORT:blue|5.136889, 1.602778, 0.9557508


2023.06.04 13:01:06 Log        -  RAMI_EXPORT:blue|2.90897, 2.384282, 1.120061


2023.06.04 13:01:06 Log        -  RAMI_EXPORT:blue|4.731776, 0.397199, 1.940061


2023.06.04 13:01:06 Log        -  RAMI_EXPORT:blue|6.164363, 1.736186, 2.090214


2023.06.04 13:01:06 Log        -  RAMI_EXPORT:blue|4.645372, 3.500597, 1.09392


2023.06.04 13:01:06 Log        -  RAMI_EXPORT:blue|4.479193, 1.764267, 4.022626


2023.06.04 13:01:06 Log        -  RAMI_EXPORT:blue|4.294209, 0.6181451, 0.8244755


2023.06.04 13:01:06 Log        -  RAMI_EXPORT:blue|4.981974, 1.450428, 0.6618636


2023.06.04 13:01:06 Log        -  RAMI_EXPORT:blue|4.66954, 1.29003, 0.1940056


2023.06.04 13:01:06 Log        -  RAMI_EXPORT:blue|3.730379, 0.08114541, 2.17523


2023.06.04 13:01:06 Log        -  RAMI_EXPORT:blue|5.08232, 3.582783, 2.544634


2023.06.04 13:01:06 Log        -  RAMI_EXPORT:blue|3.237313, 1.890799, 0.2383174


2023.06.04 13:01:06 Log        -  RAMI_EXPORT:blue|2.399988, 2.97845, 2.044773


2023.06.04 13:01:06 Log        -  RAMI_EXPORT:blue|5.043698, 3.491392, 2.554721


2023.06.04 13:01:06 Log        -  RAMI_EXPORT:blue|4.13686, 3.47096, 3.40951


2023.06.04 13:01:06 Log        -  RAMI_EXPORT:blue|2.409392, 2.258814, 2.221328


2023.06.04 13:01:06 Log        -  RAMI_EXPORT:blue|3.341185, 3.069904, 3.241111


2023.06.04 13:01:06 Log        -  RAMI_EXPORT:blue|4.083742, 3.665475, 2.101965


2023.06.04 13:01:06 Log        -  RAMI_EXPORT:blue|2.886436, 2.018683, 2.839541


2023.06.04 13:01:06 Log        -  RAMI_EXPORT:blue|5.499806, 1.087364, 2.409471


2023.06.04 13:01:06 Log        -  RAMI_EXPORT:blue|3.551762, 3.089882, 2.914993


2023.06.04 13:01:06 Log        -  RAMI_EXPORT:blue|2.224178, 1.446707, 2.317995


2023.06.04 13:01:06 Log        -  RAMI_EXPORT:blue|4.880927, 1.722458, 1.454832


2023.06.04 13:01:06 Log        -  RAMI_EXPORT:blue|2.931673, 1.753276, 0.8860281


2023.06.04 13:01:06 Log        -  RAMI_EXPORT:blue|4.779395, 0.7706343, 2.116613


2023.06.04 13:01:06 Log        -  RAMI_EXPORT:blue|5.579161, 0.8663441, 1.479331


2023.06.04 13:01:06 Log        -  RAMI_EXPORT:blue|4.43133, 1.754335, 1.216612


2023.06.04 13:01:06 Log        -  RAMI_EXPORT:blue|2.887059, 3.379638, 2.751521


2023.06.04 13:01:06 Log        -  RAMI_EXPORT:blue|4.362897, 3.880571, 2.213219


2023.06.04 13:01:06 Log        -  RAMI_EXPORT:blue|2.747162, 2.655524, 2.16505


2023.06.04 13:01:06 Log        -  RAMI_EXPORT:blue|3.13765, 2.824036, 2.808121


2023.06.04 13:01:06 Log        -  RAMI_EXPORT:blue|5.360934, 1.876354, 0.787972


2023.06.04 13:01:06 Log        -  RAMI_EXPORT:blue|2.378682, 2.104946, 1.451027


2023.06.04 13:01:06 Log        -  RAMI_EXPORT:blue|6.149206, 2.283776, 1.824151


2023.06.04 13:01:06 Log        -  RAMI_EXPORT:blue|2.639793, 1.370912, 0.8112757


2023.06.04 13:01:06 Log        -  RAMI_EXPORT:blue|3.92125, 3.109405, 0.8314064


2023.06.04 13:01:06 Log        -  RAMI_EXPORT:blue|5.313548, 2.551584, 0.6999526


2023.06.04 13:01:06 Log        -  RAMI_EXPORT:blue|5.873365, 1.820277, 2.601958


2023.06.04 13:01:06 Log        -  RAMI_EXPORT:blue|5.617117, 0.940405, 1.255942


2023.06.04 13:01:06 Log        -  RAMI_EXPORT:blue|3.310489, 0.833603, 2.435551


2023.06.04 13:01:06 Log        -  RAMI_EXPORT:blue|3.869045, 0.6349345, 2.191891


2023.06.04 13:01:06 Log        -  RAMI_EXPORT:blue|2.22116, 1.727172, 1.525042


2023.06.04 13:01:06 Log        -  RAMI_EXPORT:blue|2.24663, 2.298862, 2.214312


2023.06.04 13:01:06 Log        -  RAMI_EXPORT:blue|4.219052, 0.05207503, 1.979219


2023.06.04 13:01:06 Log        -  RAMI_EXPORT:blue|2.768892, 0.4404033, 2.129275


2023.06.04 13:01:06 Log        -  RAMI_EXPORT:magenta|6.385951, 1.679068, 6.320604


2023.06.04 13:01:06 Log        -  RAMI_EXPORT:magenta|5.84358, 1.08717, 7.126968


2023.06.04 13:01:06 Log        -  RAMI_EXPORT:magenta|5.57332, 0.5870594, 7.088227


2023.06.04 13:01:06 Log        -  RAMI_EXPORT:magenta|4.956995, 1.94883, 8.518547


2023.06.04 13:01:06 Log        -  RAMI_EXPORT:magenta|5.565427, 0.4038812, 7.07031


2023.06.04 13:01:06 Log        -  RAMI_EXPORT:magenta|4.23246, 1.921161, 6.29226


2023.06.04 13:01:06 Log        -  RAMI_EXPORT:magenta|5.523039, 2.077464, 6.725055


2023.06.04 13:01:06 Log        -  RAMI_EXPORT:magenta|5.480851, 1.089686, 8.254511


2023.06.04 13:01:06 Log        -  RAMI_EXPORT:magenta|3.906163, 1.351046, 7.165694


2023.06.04 13:01:06 Log        -  RAMI_EXPORT:magenta|5.041835, 2.083514, 6.982141


2023.06.04 13:01:06 Log        -  RAMI_EXPORT:magenta|4.441856, 2.636213, 6.243575


2023.06.04 13:01:06 Log        -  RAMI_EXPORT:magenta|5.929071, 2.778451, 7.870007


2023.06.04 13:01:06 Log        -  RAMI_EXPORT:magenta|6.273508, 1.431517, 7.810419


2023.06.04 13:01:06 Log        -  RAMI_EXPORT:magenta|4.72084, 3.136255, 6.813262


2023.06.04 13:01:06 Log        -  RAMI_EXPORT:magenta|6.441529, 1.577139, 6.63865


2023.06.04 13:01:06 Log        -  RAMI_EXPORT:magenta|5.788687, 1.104097, 6.621653


2023.06.04 13:01:06 Log        -  RAMI_EXPORT:magenta|5.347467, 0.3908403, 7.018681


2023.06.04 13:01:06 Log        -  RAMI_EXPORT:magenta|4.400296, 2.33597, 7.738994


2023.06.04 13:01:06 Log        -  RAMI_EXPORT:magenta|4.159716, 2.747826, 7.093364


2023.06.04 13:01:06 Log        -  RAMI_EXPORT:magenta|5.102518, 2.265525, 5.951291


2023.06.04 13:01:06 Log        -  RAMI_EXPORT:magenta|5.686222, 1.455058, 7.235423


2023.06.04 13:01:06 Log        -  RAMI_EXPORT:magenta|4.712384, 2.019926, 7.309418


2023.06.04 13:01:06 Log        -  RAMI_EXPORT:magenta|5.713922, 1.196431, 6.086022


2023.06.04 13:01:06 Log        -  RAMI_EXPORT:magenta|5.843508, 1.70419, 8.041982


2023.06.04 13:01:06 Log        -  RAMI_EXPORT:magenta|5.174396, 1.84109, 6.395652


2023.06.04 13:01:06 Log        -  RAMI_EXPORT:magenta|5.391438, 0.8322145, 6.602363


2023.06.04 13:01:06 Log        -  RAMI_EXPORT:magenta|5.12553, 0.917268, 7.310163


2023.06.04 13:01:06 Log        -  RAMI_EXPORT:magenta|4.271689, 1.641697, 6.911428


2023.06.04 13:01:06 Log        -  RAMI_EXPORT:magenta|4.496319, 1.812175, 6.747309


2023.06.04 13:01:06 Log        -  RAMI_EXPORT:magenta|6.296978, 1.306532, 7.051882


2023.06.04 13:01:06 Log        -  RAMI_EXPORT:magenta|3.847639, 1.830728, 6.587089


2023.06.04 13:01:06 Log        -  RAMI_EXPORT:magenta|6.01059, 0.8219085, 6.732294


2023.06.04 13:01:06 Log        -  RAMI_EXPORT:magenta|3.985059, 1.110114, 7.454896


2023.06.04 13:01:06 Log        -  RAMI_EXPORT:magenta|4.939795, 3.135678, 7.187587


2023.06.04 13:01:06 Log        -  RAMI_EXPORT:magenta|5.398892, 2.540748, 7.356119


2023.06.04 13:01:06 Log        -  RAMI_EXPORT:magenta|5.158753, 2.959832, 7.733344


2023.06.04 13:01:06 Log        -  RAMI_EXPORT:magenta|4.442567, 2.040857, 7.702586


2023.06.04 13:01:06 Log        -  RAMI_EXPORT:magenta|6.451045, 1.111557, 6.855627


2023.06.04 13:01:06 Log        -  RAMI_EXPORT:magenta|3.818804, 2.227408, 7.049071


2023.06.04 13:01:06 Log        -  RAMI_EXPORT:magenta|4.100346, 2.732306, 7.047793


2023.06.04 13:01:06 Log        -  RAMI_EXPORT:magenta|5.91174, 2.637553, 6.842295


2023.06.04 13:01:06 Log        -  RAMI_EXPORT:magenta|5.715505, 2.602014, 7.758028


2023.06.04 13:01:06 Log        -  RAMI_EXPORT:magenta|5.121994, 1.807157, 7.486419


2023.06.04 13:01:06 Log        -  RAMI_EXPORT:magenta|5.875352, 1.884785, 6.316428


2023.06.04 13:01:06 Log        -  RAMI_EXPORT:magenta|6.391419, 1.468171, 7.474775


2023.06.04 13:01:06 Log        -  RAMI_EXPORT:magenta|6.385287, 2.193749, 6.674556


2023.06.04 13:01:06 Log        -  RAMI_EXPORT:magenta|6.253682, 2.792898, 7.060707


2023.06.04 13:01:06 Log        -  RAMI_EXPORT:magenta|3.849088, 1.476088, 6.963585


2023.06.04 13:01:06 Log        -  RAMI_EXPORT:magenta|4.411462, 0.774945, 7.314405


2023.06.04 13:01:06 Log        -  RAMI_EXPORT:magenta|6.143665, 1.114014, 6.395778


2023.06.04 13:01:06 Log        -  RAMI_EXPORT:magenta|4.441545, 2.73629, 7.495203


2023.06.04 13:01:06 Log        -  RAMI_EXPORT:magenta|6.013464, 1.297975, 6.076701


2023.06.04 13:01:06 Log        -  RAMI_EXPORT:magenta|3.946678, 1.939203, 7.629451


2023.06.04 13:01:06 Log        -  RAMI_EXPORT:magenta|5.380284, 1.501761, 8.163688


2023.06.04 13:01:06 Log        -  RAMI_EXPORT:magenta|5.695958, 2.21072, 8.09217


2023.06.04 13:01:06 Log        -  RAMI_EXPORT:magenta|3.880691, 2.331671, 6.911398


2023.06.04 13:01:06 Log        -  RAMI_EXPORT:magenta|5.841908, 0.5893116, 6.902969


2023.06.04 13:01:06 Log        -  RAMI_EXPORT:magenta|6.244182, 1.930599, 6.519118


2023.06.04 13:01:06 Log        -  RAMI_EXPORT:magenta|5.673668, 1.487074, 7.444234


2023.06.04 13:01:06 Log        -  RAMI_EXPORT:magenta|4.964616, 1.620455, 6.156673


2023.06.04 13:01:06 Log        -  RAMI_EXPORT:magenta|3.961721, 1.065355, 7.150278


2023.06.04 13:01:06 Log        -  RAMI_EXPORT:magenta|4.868501, 0.4802711, 6.716097


2023.06.04 13:01:06 Log        -  RAMI_EXPORT:magenta|3.768022, 1.750566, 7.100174


2023.06.04 13:01:06 Log        -  RAMI_EXPORT:magenta|5.241116, 2.441021, 6.953024


2023.06.04 13:01:06 Log        -  RAMI_EXPORT:magenta|4.056319, 1.81734, 7.215079


2023.06.04 13:01:06 Log        -  RAMI_EXPORT:magenta|5.449202, 2.91123, 6.961476


2023.06.04 13:01:06 Log        -  RAMI_EXPORT:magenta|6.618458, 1.972167, 7.053681


2023.06.04 13:01:06 Log        -  RAMI_EXPORT:magenta|5.804031, 0.5717186, 7.438927


2023.06.04 13:01:06 Log        -  RAMI_EXPORT:magenta|5.701974, 3.054548, 6.887352


2023.06.04 13:01:06 Log        -  RAMI_EXPORT:magenta|4.191936, 1.001124, 7.69004


2023.06.04 13:01:06 Log        -  RAMI_EXPORT:magenta|5.882767, 2.701253, 7.545553


2023.06.04 13:01:06 Log        -  RAMI_EXPORT:magenta|5.386486, 2.702753, 7.700369


2023.06.04 13:01:06 Log        -  RAMI_EXPORT:magenta|4.006588, 2.541754, 7.40125


2023.06.04 13:01:06 Log        -  RAMI_EXPORT:magenta|4.839967, 0.7898653, 6.3414


2023.06.04 13:01:06 Log        -  RAMI_EXPORT:magenta|4.677114, 1.81228, 6.440191


2023.06.04 13:01:06 Log        -  RAMI_EXPORT:magenta|4.667154, 1.935824, 8.368911


2023.06.04 13:01:06 Log        -  RAMI_EXPORT:magenta|3.966523, 2.11767, 7.180399


2023.06.04 13:01:06 Log        -  RAMI_EXPORT:magenta|5.200842, 1.493376, 7.033334


2023.06.04 13:01:06 Log        -  RAMI_EXPORT:magenta|3.834042, 2.085047, 6.875621


2023.06.04 13:01:06 Log        -  RAMI_EXPORT:magenta|6.557508, 1.354281, 7.265205


2023.06.04 13:01:06 Log        -  RAMI_EXPORT:magenta|6.059216, 2.923278, 6.982822


2023.06.04 13:01:06 Log        -  RAMI_EXPORT:magenta|5.584268, 2.144279, 7.089267


2023.06.04 13:01:06 Log        -  RAMI_EXPORT:magenta|5.101232, 2.332942, 8.422257


2023.06.04 13:01:06 Log        -  RAMI_EXPORT:magenta|4.657896, 0.5490844, 7.023791


2023.06.04 13:01:06 Log        -  RAMI_EXPORT:magenta|6.282226, 1.705383, 8.047272


2023.06.04 13:01:06 Log        -  RAMI_EXPORT:magenta|5.796564, 2.904088, 7.035671


2023.06.04 13:01:06 Log        -  RAMI_EXPORT:magenta|5.381422, 3.063738, 7.529576


2023.06.04 13:01:06 Log        -  RAMI_EXPORT:magenta|6.285849, 1.323034, 7.503761


2023.06.04 13:01:06 Log        -  RAMI_EXPORT:magenta|4.652245, 1.003378, 6.730673


2023.06.04 13:01:06 Log        -  RAMI_EXPORT:magenta|5.294176, 1.432366, 5.896419


2023.06.04 13:01:06 Log        -  RAMI_EXPORT:yellow|2.079228, 2.002918, 1.257307


2023.06.04 13:01:06 Log        -  RAMI_EXPORT:yellow|2.41298, 2.415797, 1.702177


2023.06.04 13:01:06 Log        -  RAMI_EXPORT:yellow|1.182883, 2.04681, 1.127617


2023.06.04 13:01:06 Log        -  RAMI_EXPORT:yellow|1.14688, 2.18742, 1.957265


2023.06.04 13:01:06 Log        -  RAMI_EXPORT:yellow|1.445397, 2.617598, 1.251955


2023.06.04 13:01:06 Log        -  RAMI_EXPORT:yellow|2.140696, 1.614219, 1.32368


2023.06.04 13:01:06 Log        -  RAMI_EXPORT:yellow|0.956824, 1.814949, 1.247975


2023.06.04 13:01:06 Log        -  RAMI_EXPORT:yellow|2.184035, 2.519944, 1.859167


2023.06.04 13:01:06 Log        -  RAMI_EXPORT:yellow|1.555537, 2.055879, 1.683118


2023.06.04 13:01:06 Log        -  RAMI_EXPORT:yellow|1.728948, 3.079948, 1.848904


2023.06.04 13:01:06 Log        -  RAMI_EXPORT:yellow|0.8859674, 2.289901, 2.064258


2023.06.04 13:01:06 Log        -  RAMI_EXPORT:yellow|1.374676, 2.496718, 2.388161


2023.06.04 13:01:06 Log        -  RAMI_EXPORT:yellow|2.220285, 1.58357, 1.611593


2023.06.04 13:01:06 Log        -  RAMI_EXPORT:yellow|0.7391681, 1.946079, 1.098696


2023.06.04 13:01:06 Log        -  RAMI_EXPORT:yellow|1.322663, 1.32377, 1.297349


2023.06.04 13:01:06 Log        -  RAMI_EXPORT:yellow|1.680759, 2.610567, 1.378187


2023.06.04 13:01:06 Log        -  RAMI_EXPORT:yellow|0.6244135, 2.056024, 1.699516


2023.06.04 13:01:06 Log        -  RAMI_EXPORT:yellow|2.312697, 2.120684, 1.442643


2023.06.04 13:01:06 Log        -  RAMI_EXPORT:yellow|2.342163, 2.518075, 1.369117


2023.06.04 13:01:06 Log        -  RAMI_EXPORT:yellow|1.454998, 1.360659, 1.918301


2023.06.04 13:01:06 Log        -  RAMI_EXPORT:yellow|1.735501, 1.685387, 1.08703


2023.06.04 13:01:06 Log        -  RAMI_EXPORT:yellow|1.664835, 1.912549, 0.9005201


2023.06.04 13:01:06 Log        -  RAMI_EXPORT:yellow|1.272025, 1.759866, 1.781304


2023.06.04 13:01:06 Log        -  RAMI_EXPORT:yellow|2.28379, 1.896129, 1.842417


2023.06.04 13:01:06 Log        -  RAMI_EXPORT:yellow|1.792955, 1.663811, 2.322117


2023.06.04 13:01:06 Log        -  RAMI_EXPORT:yellow|0.7705566, 1.952231, 1.114657


2023.06.04 13:01:06 Log        -  RAMI_EXPORT:yellow|1.379798, 3.026645, 1.262696


2023.06.04 13:01:06 Log        -  RAMI_EXPORT:yellow|1.766999, 2.707815, 2.084368


2023.06.04 13:01:06 Log        -  RAMI_EXPORT:yellow|2.356655, 2.177119, 1.41889


2023.06.04 13:01:06 Log        -  RAMI_EXPORT:yellow|0.8701127, 2.214029, 1.649631


2023.06.04 13:01:06 Log        -  RAMI_EXPORT:yellow|1.785354, 2.285027, 1.178502


2023.06.04 13:01:06 Log        -  RAMI_EXPORT:yellow|0.7589642, 1.79384, 1.960507


2023.06.04 13:01:06 Log        -  RAMI_EXPORT:yellow|1.251814, 2.123535, 1.844906


2023.06.04 13:01:06 Log        -  RAMI_EXPORT:yellow|2.10842, 2.678835, 1.36152


2023.06.04 13:01:06 Log        -  RAMI_EXPORT:yellow|2.223755, 2.664981, 1.346892


2023.06.04 13:01:06 Log        -  RAMI_EXPORT:yellow|1.517922, 3.0282, 1.17429


2023.06.04 13:01:06 Log        -  RAMI_EXPORT:yellow|0.6300486, 2.503756, 1.447521


2023.06.04 13:01:06 Log        -  RAMI_EXPORT:yellow|2.135792, 1.729393, 1.97101


2023.06.04 13:01:06 Log        -  RAMI_EXPORT:yellow|2.298653, 2.222543, 1.398087


2023.06.04 13:01:06 Log        -  RAMI_EXPORT:yellow|1.231127, 1.789931, 1.891529


2023.06.04 13:01:06 Log        -  RAMI_EXPORT:yellow|0.6357443, 2.014466, 1.849961


2023.06.04 13:01:06 Log        -  RAMI_EXPORT:yellow|1.533062, 2.392413, 1.736382


2023.06.04 13:01:06 Log        -  RAMI_EXPORT:yellow|0.7868124, 2.737752, 1.722894


2023.06.04 13:01:06 Log        -  RAMI_EXPORT:yellow|0.6379051, 1.894746, 1.634596


2023.06.04 13:01:06 Log        -  RAMI_EXPORT:yellow|1.41261, 2.899357, 1.716992


2023.06.04 13:01:06 Log        -  RAMI_EXPORT:yellow|0.9191172, 2.890108, 1.546459


2023.06.04 13:01:06 Log        -  RAMI_EXPORT:yellow|1.335645, 2.675178, 1.161311


2023.06.04 13:01:06 Log        -  RAMI_EXPORT:yellow|2.330902, 2.110347, 1.686601


2023.06.04 13:01:06 Log        -  RAMI_EXPORT:yellow|2.410887, 2.148933, 1.445293


2023.06.04 13:01:06 Log        -  RAMI_EXPORT:yellow|1.897612, 1.619797, 2.026162


2023.06.04 13:01:06 Log        -  RAMI_EXPORT:yellow|1.74547, 2.084378, 1.774148


2023.06.04 13:01:06 Log        -  RAMI_EXPORT:yellow|1.988132, 1.429385, 1.859105


2023.06.04 13:01:06 Log        -  RAMI_EXPORT:yellow|2.118935, 2.193328, 1.230988


2023.06.04 13:01:06 Log        -  RAMI_EXPORT:yellow|2.283355, 1.866201, 1.818933


2023.06.04 13:01:06 Log        -  RAMI_EXPORT:yellow|2.209655, 2.106794, 1.88374


2023.06.04 13:01:06 Log        -  RAMI_EXPORT:yellow|0.9932756, 1.541883, 1.219609


2023.06.04 13:01:06 Log        -  RAMI_EXPORT:yellow|1.22926, 1.382262, 1.675824


2023.06.04 13:01:06 Log        -  RAMI_EXPORT:yellow|2.311657, 2.181604, 2.013526


2023.06.04 13:01:06 Log        -  RAMI_EXPORT:yellow|1.002447, 1.834275, 2.012041


2023.06.04 13:01:06 Log        -  RAMI_EXPORT:yellow|0.8672838, 2.615659, 1.585219


2023.06.04 13:01:06 Log        -  RAMI_EXPORT:yellow|1.144354, 1.965831, 1.690639


2023.06.04 13:01:06 Log        -  RAMI_EXPORT:yellow|1.679355, 1.881428, 1.269902


2023.06.04 13:01:06 Log        -  RAMI_EXPORT:yellow|1.01232, 1.632184, 1.799046


2023.06.04 13:01:06 Log        -  RAMI_EXPORT:yellow|1.972982, 1.714278, 1.162139


2023.06.04 13:01:06 Log        -  RAMI_EXPORT:yellow|2.34211, 2.59058, 1.543771


2023.06.04 13:01:06 Log        -  RAMI_EXPORT:yellow|1.629246, 2.787519, 2.135917


2023.06.04 13:01:06 Log        -  RAMI_EXPORT:yellow|1.778508, 1.51413, 1.592741


2023.06.04 13:01:06 Log        -  RAMI_EXPORT:yellow|1.607048, 2.007508, 0.8013781


2023.06.04 13:01:06 Log        -  RAMI_EXPORT:yellow|1.788273, 3.044311, 1.358058


2023.06.04 13:01:06 Log        -  RAMI_EXPORT:yellow|2.145268, 2.648532, 1.133442


2023.06.04 13:01:06 Log        -  RAMI_EXPORT:yellow|2.093199, 2.661396, 1.954916


2023.06.04 13:01:06 Log        -  RAMI_EXPORT:yellow|1.56268, 2.310225, 0.6916263


2023.06.04 13:01:06 Log        -  RAMI_EXPORT:yellow|0.9600579, 2.643278, 1.236771


2023.06.04 13:01:06 Log        -  RAMI_EXPORT:yellow|2.39871, 2.498661, 1.56551


2023.06.04 13:01:06 Log        -  RAMI_EXPORT:yellow|1.290484, 2.716765, 0.9770849


2023.06.04 13:01:06 Log        -  RAMI_EXPORT:yellow|1.821591, 2.282815, 2.484107


2023.06.04 13:01:06 Log        -  RAMI_EXPORT:yellow|0.7645925, 2.597059, 1.292435


2023.06.04 13:01:06 Log        -  RAMI_EXPORT:yellow|1.206066, 2.976953, 1.40296


2023.06.04 13:01:06 Log        -  RAMI_EXPORT:yellow|2.354306, 2.221719, 1.631672


2023.06.04 13:01:06 Log        -  RAMI_EXPORT:yellow|2.362902, 1.943583, 1.578359


2023.06.04 13:01:06 Log        -  RAMI_EXPORT:green|8.5298, 1.521533, 7.567848


2023.06.04 13:01:06 Log        -  RAMI_EXPORT:red|8.930311, 1.497738, 5.370167


2023.06.04 13:01:06 Log        -  RAMI_EXPORT:green|6.476775, 2.157891, 1.776072


2023.06.04 13:01:06 Log        -  RAMI_EXPORT:green|8.587384, 3.056811, 7.975857


2023.06.04 13:01:06 Log        -  RAMI_EXPORT:green|5.003991, 0.3475995, 0.591327


2023.06.04 13:01:06 Log        -  RAMI_EXPORT:red|1.655979, 0.5976233, 7.255801


2023.06.04 13:01:06 Log        -  RAMI_EXPORT:green|9.763895, 2.589005, 0.9198904


2023.06.04 13:01:06 Log        -  RAMI_EXPORT:blue|6.15968, 0.6113496, 7.430977


2023.06.04 13:01:06 Log        -  RAMI_EXPORT:red|4.992161, 3.034083, 1.028215


2023.06.04 13:01:06 Log        -  RAMI_EXPORT:red|9.861246, 3.977268, 7.315558


2023.06.04 13:01:06 Log        -  RAMI_EXPORT:magenta|5.963593, 1.21852, 3.624424


2023.06.04 13:01:06 Log        -  RAMI_EXPORT:red|0.7140434, 3.326444, 6.91515


2023.06.04 13:01:06 Log        -  RAMI_EXPORT:magenta|2.489431, 2.422395, 1.225157


2023.06.04 13:01:06 Log        -  RAMI_EXPORT:red|8.794509, 0.950954, 9.06245


2023.06.04 13:01:06 Log        -  RAMI_EXPORT:blue|2.553611, 2.893562, 4.399014


2023.06.04 13:01:06 Log        -  RAMI_EXPORT:red|9.090224, 1.428791, 8.292823


2023.06.04 13:01:06 Log        -  RAMI_EXPORT:green|9.058814, 2.221774, 8.176533


2023.06.04 13:01:06 Log        -  RAMI_EXPORT:green|7.763601, 2.965528, 7.118877


2023.06.04 13:01:06 Log        -  RAMI_EXPORT:red|6.031448, 3.296696, 2.012805


2023.06.04 13:01:06 Log        -  RAMI_EXPORT:red|1.777693, 0.04528332, 6.9818


2023.06.04 13:01:06 Log        -  RAMI_EXPORT:magenta|7.184923, 0.4759851, 8.117967


2023.06.04 13:01:06 Log        -  RAMI_EXPORT:red|3.364764, 2.073347, 5.508099


2023.06.04 13:01:06 Log        -  RAMI_EXPORT:blue|4.966684, 1.395317, 9.413342


2023.06.04 13:01:06 Log        -  RAMI_EXPORT:green|9.481606, 0.5770702, 5.04464


2023.06.04 13:01:06 Log        -  RAMI_EXPORT:blue|5.847116, 2.980706, 7.504666


2023.06.04 13:01:06 Log        -  RAMI_EXPORT:blue|5.498052, 2.979883, 2.040159


2023.06.04 13:01:06 Log        -  RAMI_EXPORT:green|6.81571, 1.609136, 6.797695


2023.06.04 13:01:06 Log        -  RAMI_EXPORT:blue|6.533557, 0.8550649, 7.999784


2023.06.04 13:01:06 Log        -  RAMI_EXPORT:blue|7.660732, 0.2727895, 0.1196504


2023.06.04 13:01:06 Log        -  RAMI_EXPORT:magenta|4.984245, 0.0232296, 3.161184


2023.06.04 13:01:06 Log        -  RAMI_EXPORT:red|6.956007, 3.022652, 1.899084


2023.06.04 13:01:06 Log        -  RAMI_EXPORT:green|5.072239, 0.05051756, 2.535932


2023.06.04 13:01:06 Log        -  RAMI_EXPORT:green|8.401994, 2.152099, 5.691359


2023.06.04 13:01:06 Log        -  RAMI_EXPORT:red|9.589577, 0.5677433, 4.014761


2023.06.04 13:01:06 Log        -  RAMI_EXPORT:blue|8.848961, 1.986879, 4.013129


2023.06.04 13:01:06 Log        -  RAMI_EXPORT:red|1.89748, 2.291485, 0.3525734


2023.06.04 13:01:06 Log        -  RAMI_EXPORT:blue|1.851091, 1.374316, 4.957838


2023.06.04 13:01:06 Log        -  RAMI_EXPORT:blue|4.701695, 2.377746, 9.668326


2023.06.04 13:01:06 Log        -  RAMI_EXPORT:blue|4.059942, 1.715194, 3.013608


2023.06.04 13:01:06 Log        -  RAMI_EXPORT:magenta|1.406014, 0.824182, 7.583943


2023.06.04 13:01:06 Log        -  RAMI_EXPORT:blue|8.851895, 1.919288, 9.961679


2023.06.04 13:01:06 Log        -  RAMI_EXPORT:green|8.038143, 1.737494, 6.021571


2023.06.04 13:01:06 Log        -  RAMI_EXPORT:green|6.392437, 1.666831, 4.904361


2023.06.04 13:01:06 Log        -  RAMI_EXPORT:blue|8.952763, 3.631601, 9.495412


2023.06.04 13:01:06 Log        -  RAMI_EXPORT:magenta|9.714439, 2.771042, 9.924764


2023.06.04 13:01:06 Log        -  RAMI_EXPORT:red|9.320978, 2.930054, 6.237445


2023.06.04 13:01:06 Log        -  RAMI_EXPORT:magenta|5.783289, 3.046123, 6.183382


2023.06.04 13:01:06 Log        -  RAMI_EXPORT:blue|5.10366, 1.78574, 3.261841


2023.06.04 13:01:06 Log        -  RAMI_EXPORT:red|3.286244, 1.017748, 8.343393


2023.06.04 13:01:06 Log        -  RAMI_EXPORT:blue|3.997961, 2.957985, 2.332437


2023.06.04 13:01:06 Log        -  Measure Human Avatar Avatar


2023.06.04 13:01:06 Log        -  eyeToNeck:(0.0, 0.1, 0.1)


2023.06.04 13:01:06 Log        -  [Behaviour] Readying scene objects


2023.06.04 13:01:06 Warning    -  [API] Attempted to authenticate non-API URI. No auth data was provided.


2023.06.04 13:01:06 Warning    -  [API] Attempted to authenticate non-API URI. No auth data was provided.


2023.06.04 13:01:06 Warning    -  [API] Attempted to authenticate non-API URI. No auth data was provided.


2023.06.04 13:01:06 Warning    -  [API] Attempted to authenticate non-API URI. No auth data was provided.


2023.06.04 13:01:06 Warning    -  [API] Attempted to authenticate non-API URI. No auth data was provided.


2023.06.04 13:01:06 Warning    -  [API] Attempted to authenticate non-API URI. No auth data was provided.


2023.06.04 13:01:06 Warning    -  [API] Attempted to authenticate non-API URI. No auth data was provided.


2023.06.04 13:01:06 Warning    -  [API] Attempted to authenticate non-API URI. No auth data was provided.


2023.06.04 13:01:06 Warning    -  [API] Attempted to authenticate non-API URI. No auth data was provided.


2023.06.04 13:01:06 Warning    -  [API] Attempted to authenticate non-API URI. No auth data was provided.


2023.06.04 13:01:06 Warning    -  [API] Attempted to authenticate non-API URI. No auth data was provided.


2023.06.04 13:01:32 Error      -  AmplitudeAPI: upload failed with exception - Could not resolve host 'api2.amplitude.com'
  at System.Net.Dns.Error_11001 (System.String hostName) [0x00000] in <00000000000000000000000000000000>:0 
  at System.Net.Dns.hostent_to_IPHostEntry (System.String originalHostName, System.String h_name, System.String[] h_aliases, System.String[] h_addrlist) [0x00000] in <00000000000000000000000000000000>:0 
  at System.Net.Dns.GetHostEntry (System.String hostNameOrAddress) [0x00000] in <00000000000000000000000000000000>:0 
  at System.Net.Dns.GetHostAddresses (System.String hostNameOrAddress) [0x00000] in <00000000000000000000000000000000>:0 
  at System.Threading.ThreadPoolWorkQueue.Dispatch () [0x00000] in <00000000000000000000000000000000>:0 


2023.06.04 13:01:32 Error      -  AmplitudeAPI: unhandleable error code: Exception - discarding batch of 2 events


2023.06.04 13:01:34 Log        -  VRCApplication: OnApplicationQuit at 58.03968


2023.06.04 13:01:35 Log        -  [EOSManager] PlatformInterface.ShutDown: Success


